[5.880s] DEBUG:colcon:Command line arguments: ['/usr/bin/colcon', 'build']
[5.880s] DEBUG:colcon:Parsed command line arguments: Namespace(log_base=None, log_level=None, verb_name='build', build_base='build', install_base='install', merge_install=False, symlink_install=False, test_result_base=None, continue_on_error=False, executor='parallel', parallel_workers=2, event_handlers=None, ignore_user_meta=False, metas=['./colcon.meta'], base_paths=['.'], packages_ignore=None, packages_ignore_regex=None, paths=None, packages_up_to=None, packages_up_to_regex=None, packages_above=None, packages_above_and_dependencies=None, packages_above_depth=None, packages_select_by_dep=None, packages_skip_by_dep=None, packages_skip_up_to=None, packages_select_build_failed=False, packages_skip_build_finished=False, packages_select_test_failures=False, packages_skip_test_passed=False, packages_select=None, packages_skip=None, packages_select_regex=None, packages_skip_regex=None, packages_start=None, packages_end=None, allow_overriding=[], cmake_args=None, cmake_target=None, cmake_target_skip_unavailable=False, cmake_clean_cache=False, cmake_clean_first=False, cmake_force_configure=False, ament_cmake_args=None, catkin_cmake_args=None, catkin_skip_building_tests=False, verb_parser=<colcon_defaults.argument_parser.defaults.DefaultArgumentsDecorator object at 0x7f4acf92e9b0>, verb_extension=<colcon_core.verb.build.BuildVerb object at 0x7f4acf9482e0>, main=<bound method BuildVerb.main of <colcon_core.verb.build.BuildVerb object at 0x7f4acf9482e0>>)
[6.706s] Level 1:colcon.colcon_core.package_discovery:discover_packages(colcon_meta) check parameters
[6.706s] Level 1:colcon.colcon_core.package_discovery:discover_packages(recursive) check parameters
[6.706s] Level 1:colcon.colcon_core.package_discovery:discover_packages(ignore) check parameters
[6.707s] Level 1:colcon.colcon_core.package_discovery:discover_packages(path) check parameters
[6.707s] Level 1:colcon.colcon_core.package_discovery:discover_packages(colcon_meta) discover
[6.707s] Level 1:colcon.colcon_core.package_discovery:discover_packages(recursive) discover
[6.707s] INFO:colcon.colcon_core.package_discovery:Crawling recursively for packages in '/home/wayan1/ros2_workspace_3'
[6.708s] Level 1:colcon.colcon_core.package_identification:_identify(.) by extensions ['ignore', 'ignore_ament_install']
[6.708s] Level 1:colcon.colcon_core.package_identification:_identify(.) by extension 'ignore'
[6.709s] Level 1:colcon.colcon_core.package_identification:_identify(.) by extension 'ignore_ament_install'
[6.709s] Level 1:colcon.colcon_core.package_identification:_identify(.) by extensions ['colcon_pkg']
[6.709s] Level 1:colcon.colcon_core.package_identification:_identify(.) by extension 'colcon_pkg'
[6.709s] Level 1:colcon.colcon_core.package_identification:_identify(.) by extensions ['colcon_meta']
[6.709s] Level 1:colcon.colcon_core.package_identification:_identify(.) by extension 'colcon_meta'
[6.710s] Level 1:colcon.colcon_core.package_identification:_identify(.) by extensions ['ros']
[6.710s] Level 1:colcon.colcon_core.package_identification:_identify(.) by extension 'ros'
[6.841s] Level 1:colcon.colcon_core.package_identification:_identify(.) by extensions ['cmake', 'python']
[6.842s] Level 1:colcon.colcon_core.package_identification:_identify(.) by extension 'cmake'
[6.844s] Level 1:colcon.colcon_core.package_identification:_identify(.) by extension 'python'
[6.845s] Level 1:colcon.colcon_core.package_identification:_identify(.) by extensions ['python_setup_py']
[6.846s] Level 1:colcon.colcon_core.package_identification:_identify(.) by extension 'python_setup_py'
[6.847s] Level 1:colcon.colcon_core.package_identification:_identify(build) by extensions ['ignore', 'ignore_ament_install']
[6.848s] Level 1:colcon.colcon_core.package_identification:_identify(build) by extension 'ignore'
[6.852s] Level 1:colcon.colcon_core.package_identification:_identify(build) ignored
[6.853s] Level 1:colcon.colcon_core.package_identification:_identify(install) by extensions ['ignore', 'ignore_ament_install']
[6.854s] Level 1:colcon.colcon_core.package_identification:_identify(install) by extension 'ignore'
[6.855s] Level 1:colcon.colcon_core.package_identification:_identify(install) ignored
[6.856s] Level 1:colcon.colcon_core.package_identification:_identify(log) by extensions ['ignore', 'ignore_ament_install']
[6.859s] Level 1:colcon.colcon_core.package_identification:_identify(log) by extension 'ignore'
[6.859s] Level 1:colcon.colcon_core.package_identification:_identify(log) ignored
[6.860s] Level 1:colcon.colcon_core.package_identification:_identify(src) by extensions ['ignore', 'ignore_ament_install']
[6.861s] Level 1:colcon.colcon_core.package_identification:_identify(src) by extension 'ignore'
[6.861s] Level 1:colcon.colcon_core.package_identification:_identify(src) by extension 'ignore_ament_install'
[6.862s] Level 1:colcon.colcon_core.package_identification:_identify(src) by extensions ['colcon_pkg']
[6.862s] Level 1:colcon.colcon_core.package_identification:_identify(src) by extension 'colcon_pkg'
[6.862s] Level 1:colcon.colcon_core.package_identification:_identify(src) by extensions ['colcon_meta']
[6.862s] Level 1:colcon.colcon_core.package_identification:_identify(src) by extension 'colcon_meta'
[6.863s] Level 1:colcon.colcon_core.package_identification:_identify(src) by extensions ['ros']
[6.863s] Level 1:colcon.colcon_core.package_identification:_identify(src) by extension 'ros'
[6.863s] Level 1:colcon.colcon_core.package_identification:_identify(src) by extensions ['cmake', 'python']
[6.863s] Level 1:colcon.colcon_core.package_identification:_identify(src) by extension 'cmake'
[6.864s] Level 1:colcon.colcon_core.package_identification:_identify(src) by extension 'python'
[6.864s] Level 1:colcon.colcon_core.package_identification:_identify(src) by extensions ['python_setup_py']
[6.864s] Level 1:colcon.colcon_core.package_identification:_identify(src) by extension 'python_setup_py'
[6.866s] Level 1:colcon.colcon_core.package_identification:_identify(src/calcu_node) by extensions ['ignore', 'ignore_ament_install']
[6.867s] Level 1:colcon.colcon_core.package_identification:_identify(src/calcu_node) by extension 'ignore'
[6.868s] Level 1:colcon.colcon_core.package_identification:_identify(src/calcu_node) by extension 'ignore_ament_install'
[6.868s] Level 1:colcon.colcon_core.package_identification:_identify(src/calcu_node) by extensions ['colcon_pkg']
[6.868s] Level 1:colcon.colcon_core.package_identification:_identify(src/calcu_node) by extension 'colcon_pkg'
[6.869s] Level 1:colcon.colcon_core.package_identification:_identify(src/calcu_node) by extensions ['colcon_meta']
[6.869s] Level 1:colcon.colcon_core.package_identification:_identify(src/calcu_node) by extension 'colcon_meta'
[6.870s] Level 1:colcon.colcon_core.package_identification:_identify(src/calcu_node) by extensions ['ros']
[6.879s] Level 1:colcon.colcon_core.package_identification:_identify(src/calcu_node) by extension 'ros'
[6.910s] DEBUG:colcon.colcon_core.package_identification:Package 'src/calcu_node' with type 'ros.ament_cmake' and name 'calcu_node'
[6.910s] Level 1:colcon.colcon_core.package_discovery:discover_packages(recursive) using defaults
[6.910s] Level 1:colcon.colcon_core.package_discovery:discover_packages(ignore) discover
[6.910s] Level 1:colcon.colcon_core.package_discovery:discover_packages(ignore) using defaults
[6.910s] Level 1:colcon.colcon_core.package_discovery:discover_packages(path) discover
[6.911s] Level 1:colcon.colcon_core.package_discovery:discover_packages(path) using defaults
[7.799s] Level 1:colcon.colcon_core.package_discovery:discover_packages(prefix_path) check parameters
[7.801s] Level 1:colcon.colcon_core.package_discovery:discover_packages(prefix_path) discover
[8.074s] DEBUG:colcon.colcon_installed_package_information.package_discovery:Found 1 installed packages in /home/wayan1/ros2_workspace_3/install
[8.225s] DEBUG:colcon.colcon_installed_package_information.package_discovery:Found 270 installed packages in /opt/ros/humble
[8.230s] Level 1:colcon.colcon_core.package_discovery:discover_packages(prefix_path) using defaults
[9.123s] Level 5:colcon.colcon_core.verb:set package 'calcu_node' build argument 'cmake_args' from command line to 'None'
[9.124s] Level 5:colcon.colcon_core.verb:set package 'calcu_node' build argument 'cmake_target' from command line to 'None'
[9.124s] Level 5:colcon.colcon_core.verb:set package 'calcu_node' build argument 'cmake_target_skip_unavailable' from command line to 'False'
[9.124s] Level 5:colcon.colcon_core.verb:set package 'calcu_node' build argument 'cmake_clean_cache' from command line to 'False'
[9.124s] Level 5:colcon.colcon_core.verb:set package 'calcu_node' build argument 'cmake_clean_first' from command line to 'False'
[9.124s] Level 5:colcon.colcon_core.verb:set package 'calcu_node' build argument 'cmake_force_configure' from command line to 'False'
[9.124s] Level 5:colcon.colcon_core.verb:set package 'calcu_node' build argument 'ament_cmake_args' from command line to 'None'
[9.124s] Level 5:colcon.colcon_core.verb:set package 'calcu_node' build argument 'catkin_cmake_args' from command line to 'None'
[9.125s] Level 5:colcon.colcon_core.verb:set package 'calcu_node' build argument 'catkin_skip_building_tests' from command line to 'False'
[9.125s] DEBUG:colcon.colcon_core.verb:Building package 'calcu_node' with the following arguments: {'ament_cmake_args': None, 'build_base': '/home/wayan1/ros2_workspace_3/build/calcu_node', 'catkin_cmake_args': None, 'catkin_skip_building_tests': False, 'cmake_args': None, 'cmake_clean_cache': False, 'cmake_clean_first': False, 'cmake_force_configure': False, 'cmake_target': None, 'cmake_target_skip_unavailable': False, 'install_base': '/home/wayan1/ros2_workspace_3/install/calcu_node', 'merge_install': False, 'path': '/home/wayan1/ros2_workspace_3/src/calcu_node', 'symlink_install': False, 'test_result_base': None}
[9.217s] INFO:colcon.colcon_core.executor:Executing jobs using 'parallel' executor
[9.374s] DEBUG:colcon.colcon_parallel_executor.executor.parallel:run_until_complete
[9.374s] INFO:colcon.colcon_ros.task.ament_cmake.build:Building ROS package in '/home/wayan1/ros2_workspace_3/src/calcu_node' with build type 'ament_cmake'
[9.374s] INFO:colcon.colcon_cmake.task.cmake.build:Building CMake package in '/home/wayan1/ros2_workspace_3/src/calcu_node'
[9.550s] INFO:colcon.colcon_core.plugin_system:Skipping extension 'colcon_core.shell.bat': Not used on non-Windows systems
[9.551s] INFO:colcon.colcon_core.shell:Skip shell extension 'powershell' for command environment: Not usable outside of PowerShell
[9.551s] DEBUG:colcon.colcon_core.shell:Skip shell extension 'dsv' for command environment
[9.961s] DEBUG:colcon.colcon_core.event_handler.log_command:Invoking command in '/home/wayan1/ros2_workspace_3/build/calcu_node': CMAKE_PREFIX_PATH=${CMAKE_PREFIX_PATH}:/opt/ros/humble /usr/bin/cmake --build /home/wayan1/ros2_workspace_3/build/calcu_node -- -j2 -l2
[65.285s] DEBUG:colcon.colcon_parallel_executor.executor.parallel:run_until_complete was interrupted
[65.705s] DEBUG:colcon.colcon_parallel_executor.executor.parallel:run_until_complete again
[66.013s] DEBUG:colcon.colcon_core.event_handler.log_command:Invoked command in '/home/wayan1/ros2_workspace_3/build/calcu_node' returned '-2': CMAKE_PREFIX_PATH=${CMAKE_PREFIX_PATH}:/opt/ros/humble /usr/bin/cmake --build /home/wayan1/ros2_workspace_3/build/calcu_node -- -j2 -l2
[68.067s] Level 1:colcon.colcon_core.environment:create_environment_scripts_only(calcu_node)
[68.531s] Level 1:colcon.colcon_core.environment:checking '/home/wayan1/ros2_workspace_3/install/calcu_node' for CMake module files
[68.568s] Level 1:colcon.colcon_core.environment:checking '/home/wayan1/ros2_workspace_3/install/calcu_node' for CMake config files
[68.577s] Level 1:colcon.colcon_core.shell:create_environment_hook('calcu_node', 'cmake_prefix_path')
[68.792s] INFO:colcon.colcon_core.shell:Creating environment hook '/home/wayan1/ros2_workspace_3/install/calcu_node/share/calcu_node/hook/cmake_prefix_path.ps1'
[68.853s] INFO:colcon.colcon_core.shell:Creating environment descriptor '/home/wayan1/ros2_workspace_3/install/calcu_node/share/calcu_node/hook/cmake_prefix_path.dsv'
[68.873s] INFO:colcon.colcon_core.shell:Creating environment hook '/home/wayan1/ros2_workspace_3/install/calcu_node/share/calcu_node/hook/cmake_prefix_path.sh'
[68.933s] Level 1:colcon.colcon_core.environment:checking '/home/wayan1/ros2_workspace_3/install/calcu_node/lib'
[68.939s] Level 1:colcon.colcon_core.environment:checking '/home/wayan1/ros2_workspace_3/install/calcu_node/bin'
[68.939s] Level 1:colcon.colcon_core.environment:checking '/home/wayan1/ros2_workspace_3/install/calcu_node/lib/pkgconfig/calcu_node.pc'
[68.987s] Level 1:colcon.colcon_core.environment:checking '/home/wayan1/ros2_workspace_3/install/calcu_node/lib/python3.10/site-packages'
[68.988s] Level 1:colcon.colcon_core.environment:checking '/home/wayan1/ros2_workspace_3/install/calcu_node/bin'
[69.119s] INFO:colcon.colcon_core.shell:Creating package script '/home/wayan1/ros2_workspace_3/install/calcu_node/share/calcu_node/package.ps1'
[69.126s] INFO:colcon.colcon_core.shell:Creating package descriptor '/home/wayan1/ros2_workspace_3/install/calcu_node/share/calcu_node/package.dsv'
[69.130s] INFO:colcon.colcon_core.shell:Creating package script '/home/wayan1/ros2_workspace_3/install/calcu_node/share/calcu_node/package.sh'
[69.138s] INFO:colcon.colcon_core.shell:Creating package script '/home/wayan1/ros2_workspace_3/install/calcu_node/share/calcu_node/package.bash'
[69.147s] INFO:colcon.colcon_core.shell:Creating package script '/home/wayan1/ros2_workspace_3/install/calcu_node/share/calcu_node/package.zsh'
[69.156s] Level 1:colcon.colcon_core.environment:create_file_with_runtime_dependencies(/home/wayan1/ros2_workspace_3/install/calcu_node/share/colcon-core/packages/calcu_node)
[69.198s] DEBUG:colcon.colcon_parallel_executor.executor.parallel:run_until_complete finished
[69.198s] DEBUG:colcon.colcon_parallel_executor.executor.parallel:closing loop
[69.205s] DEBUG:colcon.colcon_parallel_executor.executor.parallel:loop closed
[69.213s] DEBUG:colcon.colcon_core.event_reactor:joining thread
[69.634s] INFO:colcon.colcon_core.plugin_system:Skipping extension 'colcon_notification.desktop_notification.terminal_notifier': Not used on non-Darwin systems
[69.635s] INFO:colcon.colcon_core.plugin_system:Skipping extension 'colcon_notification.desktop_notification.win32': Not used on non-Windows systems
[69.637s] INFO:colcon.colcon_notification.desktop_notification:Sending desktop notification using 'notify2'
[69.899s] DEBUG:colcon.colcon_core.event_reactor:joined thread
[70.125s] INFO:colcon.colcon_core.shell:Creating prefix script '/home/wayan1/ros2_workspace_3/install/local_setup.ps1'
[70.137s] INFO:colcon.colcon_core.shell:Creating prefix util module '/home/wayan1/ros2_workspace_3/install/_local_setup_util_ps1.py'
[70.142s] INFO:colcon.colcon_core.shell:Creating prefix chain script '/home/wayan1/ros2_workspace_3/install/setup.ps1'
[70.306s] INFO:colcon.colcon_core.shell:Creating prefix script '/home/wayan1/ros2_workspace_3/install/local_setup.sh'
[70.311s] INFO:colcon.colcon_core.shell:Creating prefix util module '/home/wayan1/ros2_workspace_3/install/_local_setup_util_sh.py'
[70.313s] INFO:colcon.colcon_core.shell:Creating prefix chain script '/home/wayan1/ros2_workspace_3/install/setup.sh'
[72.010s] INFO:colcon.colcon_core.shell:Creating prefix script '/home/wayan1/ros2_workspace_3/install/local_setup.bash'
[72.014s] INFO:colcon.colcon_core.shell:Creating prefix chain script '/home/wayan1/ros2_workspace_3/install/setup.bash'
[72.130s] INFO:colcon.colcon_core.shell:Creating prefix script '/home/wayan1/ros2_workspace_3/install/local_setup.zsh'
[72.136s] INFO:colcon.colcon_core.shell:Creating prefix chain script '/home/wayan1/ros2_workspace_3/install/setup.zsh'
