[7.814s] DEBUG:colcon:Command line arguments: ['/usr/bin/colcon', 'build']
[7.815s] DEBUG:colcon:Parsed command line arguments: Namespace(log_base=None, log_level=None, verb_name='build', build_base='build', install_base='install', merge_install=False, symlink_install=False, test_result_base=None, continue_on_error=False, executor='parallel', parallel_workers=2, event_handlers=None, ignore_user_meta=False, metas=['./colcon.meta'], base_paths=['.'], packages_ignore=None, packages_ignore_regex=None, paths=None, packages_up_to=None, packages_up_to_regex=None, packages_above=None, packages_above_and_dependencies=None, packages_above_depth=None, packages_select_by_dep=None, packages_skip_by_dep=None, packages_skip_up_to=None, packages_select_build_failed=False, packages_skip_build_finished=False, packages_select_test_failures=False, packages_skip_test_passed=False, packages_select=None, packages_skip=None, packages_select_regex=None, packages_skip_regex=None, packages_start=None, packages_end=None, allow_overriding=[], cmake_args=None, cmake_target=None, cmake_target_skip_unavailable=False, cmake_clean_cache=False, cmake_clean_first=False, cmake_force_configure=False, ament_cmake_args=None, catkin_cmake_args=None, catkin_skip_building_tests=False, verb_parser=<colcon_defaults.argument_parser.defaults.DefaultArgumentsDecorator object at 0x7fb431b2fbb0>, verb_extension=<colcon_core.verb.build.BuildVerb object at 0x7fb431b4bca0>, main=<bound method BuildVerb.main of <colcon_core.verb.build.BuildVerb object at 0x7fb431b4bca0>>)
[8.188s] Level 1:colcon.colcon_core.package_discovery:discover_packages(colcon_meta) check parameters
[8.189s] Level 1:colcon.colcon_core.package_discovery:discover_packages(recursive) check parameters
[8.189s] Level 1:colcon.colcon_core.package_discovery:discover_packages(ignore) check parameters
[8.189s] Level 1:colcon.colcon_core.package_discovery:discover_packages(path) check parameters
[8.189s] Level 1:colcon.colcon_core.package_discovery:discover_packages(colcon_meta) discover
[8.190s] Level 1:colcon.colcon_core.package_discovery:discover_packages(recursive) discover
[8.190s] INFO:colcon.colcon_core.package_discovery:Crawling recursively for packages in '/home/wayan1/ros2_workspace_3'
[8.190s] Level 1:colcon.colcon_core.package_identification:_identify(.) by extensions ['ignore', 'ignore_ament_install']
[8.190s] Level 1:colcon.colcon_core.package_identification:_identify(.) by extension 'ignore'
[8.191s] Level 1:colcon.colcon_core.package_identification:_identify(.) by extension 'ignore_ament_install'
[8.191s] Level 1:colcon.colcon_core.package_identification:_identify(.) by extensions ['colcon_pkg']
[8.192s] Level 1:colcon.colcon_core.package_identification:_identify(.) by extension 'colcon_pkg'
[8.192s] Level 1:colcon.colcon_core.package_identification:_identify(.) by extensions ['colcon_meta']
[8.192s] Level 1:colcon.colcon_core.package_identification:_identify(.) by extension 'colcon_meta'
[8.192s] Level 1:colcon.colcon_core.package_identification:_identify(.) by extensions ['ros']
[8.192s] Level 1:colcon.colcon_core.package_identification:_identify(.) by extension 'ros'
[8.267s] Level 1:colcon.colcon_core.package_identification:_identify(.) by extensions ['cmake', 'python']
[8.267s] Level 1:colcon.colcon_core.package_identification:_identify(.) by extension 'cmake'
[8.267s] Level 1:colcon.colcon_core.package_identification:_identify(.) by extension 'python'
[8.267s] Level 1:colcon.colcon_core.package_identification:_identify(.) by extensions ['python_setup_py']
[8.267s] Level 1:colcon.colcon_core.package_identification:_identify(.) by extension 'python_setup_py'
[8.268s] Level 1:colcon.colcon_core.package_identification:_identify(build) by extensions ['ignore', 'ignore_ament_install']
[8.269s] Level 1:colcon.colcon_core.package_identification:_identify(build) by extension 'ignore'
[8.269s] Level 1:colcon.colcon_core.package_identification:_identify(build) ignored
[8.270s] Level 1:colcon.colcon_core.package_identification:_identify(install) by extensions ['ignore', 'ignore_ament_install']
[8.270s] Level 1:colcon.colcon_core.package_identification:_identify(install) by extension 'ignore'
[8.270s] Level 1:colcon.colcon_core.package_identification:_identify(install) ignored
[8.271s] Level 1:colcon.colcon_core.package_identification:_identify(log) by extensions ['ignore', 'ignore_ament_install']
[8.271s] Level 1:colcon.colcon_core.package_identification:_identify(log) by extension 'ignore'
[8.271s] Level 1:colcon.colcon_core.package_identification:_identify(log) ignored
[8.272s] Level 1:colcon.colcon_core.package_identification:_identify(src) by extensions ['ignore', 'ignore_ament_install']
[8.272s] Level 1:colcon.colcon_core.package_identification:_identify(src) by extension 'ignore'
[8.272s] Level 1:colcon.colcon_core.package_identification:_identify(src) by extension 'ignore_ament_install'
[8.272s] Level 1:colcon.colcon_core.package_identification:_identify(src) by extensions ['colcon_pkg']
[8.272s] Level 1:colcon.colcon_core.package_identification:_identify(src) by extension 'colcon_pkg'
[8.272s] Level 1:colcon.colcon_core.package_identification:_identify(src) by extensions ['colcon_meta']
[8.273s] Level 1:colcon.colcon_core.package_identification:_identify(src) by extension 'colcon_meta'
[8.273s] Level 1:colcon.colcon_core.package_identification:_identify(src) by extensions ['ros']
[8.273s] Level 1:colcon.colcon_core.package_identification:_identify(src) by extension 'ros'
[8.273s] Level 1:colcon.colcon_core.package_identification:_identify(src) by extensions ['cmake', 'python']
[8.273s] Level 1:colcon.colcon_core.package_identification:_identify(src) by extension 'cmake'
[8.274s] Level 1:colcon.colcon_core.package_identification:_identify(src) by extension 'python'
[8.274s] Level 1:colcon.colcon_core.package_identification:_identify(src) by extensions ['python_setup_py']
[8.274s] Level 1:colcon.colcon_core.package_identification:_identify(src) by extension 'python_setup_py'
[8.274s] Level 1:colcon.colcon_core.package_identification:_identify(src/calcu_node) by extensions ['ignore', 'ignore_ament_install']
[8.275s] Level 1:colcon.colcon_core.package_identification:_identify(src/calcu_node) by extension 'ignore'
[8.275s] Level 1:colcon.colcon_core.package_identification:_identify(src/calcu_node) by extension 'ignore_ament_install'
[8.275s] Level 1:colcon.colcon_core.package_identification:_identify(src/calcu_node) by extensions ['colcon_pkg']
[8.276s] Level 1:colcon.colcon_core.package_identification:_identify(src/calcu_node) by extension 'colcon_pkg'
[8.276s] Level 1:colcon.colcon_core.package_identification:_identify(src/calcu_node) by extensions ['colcon_meta']
[8.276s] Level 1:colcon.colcon_core.package_identification:_identify(src/calcu_node) by extension 'colcon_meta'
[8.276s] Level 1:colcon.colcon_core.package_identification:_identify(src/calcu_node) by extensions ['ros']
[8.276s] Level 1:colcon.colcon_core.package_identification:_identify(src/calcu_node) by extension 'ros'
[8.294s] DEBUG:colcon.colcon_core.package_identification:Package 'src/calcu_node' with type 'ros.ament_cmake' and name 'calcu_node'
[8.294s] Level 1:colcon.colcon_core.package_discovery:discover_packages(recursive) using defaults
[8.294s] Level 1:colcon.colcon_core.package_discovery:discover_packages(ignore) discover
[8.294s] Level 1:colcon.colcon_core.package_discovery:discover_packages(ignore) using defaults
[8.294s] Level 1:colcon.colcon_core.package_discovery:discover_packages(path) discover
[8.294s] Level 1:colcon.colcon_core.package_discovery:discover_packages(path) using defaults
[9.073s] Level 1:colcon.colcon_core.package_discovery:discover_packages(prefix_path) check parameters
[9.073s] Level 1:colcon.colcon_core.package_discovery:discover_packages(prefix_path) discover
[9.273s] DEBUG:colcon.colcon_installed_package_information.package_discovery:Found 1 installed packages in /home/wayan1/ros2_workspace_3/install
[9.464s] DEBUG:colcon.colcon_installed_package_information.package_discovery:Found 270 installed packages in /opt/ros/humble
[9.472s] Level 1:colcon.colcon_core.package_discovery:discover_packages(prefix_path) using defaults
[10.565s] Level 5:colcon.colcon_core.verb:set package 'calcu_node' build argument 'cmake_args' from command line to 'None'
[10.565s] Level 5:colcon.colcon_core.verb:set package 'calcu_node' build argument 'cmake_target' from command line to 'None'
[10.566s] Level 5:colcon.colcon_core.verb:set package 'calcu_node' build argument 'cmake_target_skip_unavailable' from command line to 'False'
[10.566s] Level 5:colcon.colcon_core.verb:set package 'calcu_node' build argument 'cmake_clean_cache' from command line to 'False'
[10.567s] Level 5:colcon.colcon_core.verb:set package 'calcu_node' build argument 'cmake_clean_first' from command line to 'False'
[10.567s] Level 5:colcon.colcon_core.verb:set package 'calcu_node' build argument 'cmake_force_configure' from command line to 'False'
[10.567s] Level 5:colcon.colcon_core.verb:set package 'calcu_node' build argument 'ament_cmake_args' from command line to 'None'
[10.568s] Level 5:colcon.colcon_core.verb:set package 'calcu_node' build argument 'catkin_cmake_args' from command line to 'None'
[10.568s] Level 5:colcon.colcon_core.verb:set package 'calcu_node' build argument 'catkin_skip_building_tests' from command line to 'False'
[10.568s] DEBUG:colcon.colcon_core.verb:Building package 'calcu_node' with the following arguments: {'ament_cmake_args': None, 'build_base': '/home/wayan1/ros2_workspace_3/build/calcu_node', 'catkin_cmake_args': None, 'catkin_skip_building_tests': False, 'cmake_args': None, 'cmake_clean_cache': False, 'cmake_clean_first': False, 'cmake_force_configure': False, 'cmake_target': None, 'cmake_target_skip_unavailable': False, 'install_base': '/home/wayan1/ros2_workspace_3/install/calcu_node', 'merge_install': False, 'path': '/home/wayan1/ros2_workspace_3/src/calcu_node', 'symlink_install': False, 'test_result_base': None}
[10.706s] INFO:colcon.colcon_core.executor:Executing jobs using 'parallel' executor
[10.851s] DEBUG:colcon.colcon_parallel_executor.executor.parallel:run_until_complete
[10.854s] INFO:colcon.colcon_ros.task.ament_cmake.build:Building ROS package in '/home/wayan1/ros2_workspace_3/src/calcu_node' with build type 'ament_cmake'
[10.855s] INFO:colcon.colcon_cmake.task.cmake.build:Building CMake package in '/home/wayan1/ros2_workspace_3/src/calcu_node'
[11.017s] INFO:colcon.colcon_core.plugin_system:Skipping extension 'colcon_core.shell.bat': Not used on non-Windows systems
[11.019s] INFO:colcon.colcon_core.shell:Skip shell extension 'powershell' for command environment: Not usable outside of PowerShell
[11.019s] DEBUG:colcon.colcon_core.shell:Skip shell extension 'dsv' for command environment
[11.459s] DEBUG:colcon.colcon_core.event_handler.log_command:Invoking command in '/home/wayan1/ros2_workspace_3/build/calcu_node': CMAKE_PREFIX_PATH=${CMAKE_PREFIX_PATH}:/opt/ros/humble /usr/bin/cmake --build /home/wayan1/ros2_workspace_3/build/calcu_node -- -j2 -l2
[87.999s] DEBUG:colcon.colcon_core.event_handler.log_command:Invoked command in '/home/wayan1/ros2_workspace_3/build/calcu_node' returned '0': CMAKE_PREFIX_PATH=${CMAKE_PREFIX_PATH}:/opt/ros/humble /usr/bin/cmake --build /home/wayan1/ros2_workspace_3/build/calcu_node -- -j2 -l2
[88.370s] DEBUG:colcon.colcon_core.event_handler.log_command:Invoking command in '/home/wayan1/ros2_workspace_3/build/calcu_node': CMAKE_PREFIX_PATH=${CMAKE_PREFIX_PATH}:/opt/ros/humble /usr/bin/cmake --install /home/wayan1/ros2_workspace_3/build/calcu_node
[88.550s] Level 1:colcon.colcon_core.environment:create_environment_scripts_only(calcu_node)
[88.552s] DEBUG:colcon.colcon_core.event_handler.log_command:Invoked command in '/home/wayan1/ros2_workspace_3/build/calcu_node' returned '0': CMAKE_PREFIX_PATH=${CMAKE_PREFIX_PATH}:/opt/ros/humble /usr/bin/cmake --install /home/wayan1/ros2_workspace_3/build/calcu_node
[89.192s] Level 1:colcon.colcon_core.environment:checking '/home/wayan1/ros2_workspace_3/install/calcu_node' for CMake module files
[89.194s] Level 1:colcon.colcon_core.environment:checking '/home/wayan1/ros2_workspace_3/install/calcu_node' for CMake config files
[89.196s] Level 1:colcon.colcon_core.shell:create_environment_hook('calcu_node', 'cmake_prefix_path')
[89.312s] INFO:colcon.colcon_core.shell:Creating environment hook '/home/wayan1/ros2_workspace_3/install/calcu_node/share/calcu_node/hook/cmake_prefix_path.ps1'
[89.322s] INFO:colcon.colcon_core.shell:Creating environment descriptor '/home/wayan1/ros2_workspace_3/install/calcu_node/share/calcu_node/hook/cmake_prefix_path.dsv'
[89.326s] INFO:colcon.colcon_core.shell:Creating environment hook '/home/wayan1/ros2_workspace_3/install/calcu_node/share/calcu_node/hook/cmake_prefix_path.sh'
[89.330s] Level 1:colcon.colcon_core.environment:checking '/home/wayan1/ros2_workspace_3/install/calcu_node/lib'
[89.331s] Level 1:colcon.colcon_core.environment:checking '/home/wayan1/ros2_workspace_3/install/calcu_node/bin'
[89.331s] Level 1:colcon.colcon_core.environment:checking '/home/wayan1/ros2_workspace_3/install/calcu_node/lib/pkgconfig/calcu_node.pc'
[89.332s] Level 1:colcon.colcon_core.environment:checking '/home/wayan1/ros2_workspace_3/install/calcu_node/lib/python3.10/site-packages'
[89.332s] Level 1:colcon.colcon_core.environment:checking '/home/wayan1/ros2_workspace_3/install/calcu_node/bin'
[89.426s] INFO:colcon.colcon_core.shell:Creating package script '/home/wayan1/ros2_workspace_3/install/calcu_node/share/calcu_node/package.ps1'
[89.430s] INFO:colcon.colcon_core.shell:Creating package descriptor '/home/wayan1/ros2_workspace_3/install/calcu_node/share/calcu_node/package.dsv'
[89.432s] INFO:colcon.colcon_core.shell:Creating package script '/home/wayan1/ros2_workspace_3/install/calcu_node/share/calcu_node/package.sh'
[89.436s] INFO:colcon.colcon_core.shell:Creating package script '/home/wayan1/ros2_workspace_3/install/calcu_node/share/calcu_node/package.bash'
[89.446s] INFO:colcon.colcon_core.shell:Creating package script '/home/wayan1/ros2_workspace_3/install/calcu_node/share/calcu_node/package.zsh'
[89.450s] Level 1:colcon.colcon_core.environment:create_file_with_runtime_dependencies(/home/wayan1/ros2_workspace_3/install/calcu_node/share/colcon-core/packages/calcu_node)
[89.826s] Level 1:colcon.colcon_core.environment:create_environment_scripts_only(calcu_node)
[89.944s] Level 1:colcon.colcon_core.environment:checking '/home/wayan1/ros2_workspace_3/install/calcu_node' for CMake module files
[89.949s] Level 1:colcon.colcon_core.environment:checking '/home/wayan1/ros2_workspace_3/install/calcu_node' for CMake config files
[89.952s] Level 1:colcon.colcon_core.shell:create_environment_hook('calcu_node', 'cmake_prefix_path')
[90.048s] INFO:colcon.colcon_core.shell:Creating environment hook '/home/wayan1/ros2_workspace_3/install/calcu_node/share/calcu_node/hook/cmake_prefix_path.ps1'
[90.050s] INFO:colcon.colcon_core.shell:Creating environment descriptor '/home/wayan1/ros2_workspace_3/install/calcu_node/share/calcu_node/hook/cmake_prefix_path.dsv'
[90.052s] INFO:colcon.colcon_core.shell:Creating environment hook '/home/wayan1/ros2_workspace_3/install/calcu_node/share/calcu_node/hook/cmake_prefix_path.sh'
[90.056s] Level 1:colcon.colcon_core.environment:checking '/home/wayan1/ros2_workspace_3/install/calcu_node/lib'
[90.057s] Level 1:colcon.colcon_core.environment:checking '/home/wayan1/ros2_workspace_3/install/calcu_node/bin'
[90.061s] Level 1:colcon.colcon_core.environment:checking '/home/wayan1/ros2_workspace_3/install/calcu_node/lib/pkgconfig/calcu_node.pc'
[90.062s] Level 1:colcon.colcon_core.environment:checking '/home/wayan1/ros2_workspace_3/install/calcu_node/lib/python3.10/site-packages'
[90.082s] Level 1:colcon.colcon_core.environment:checking '/home/wayan1/ros2_workspace_3/install/calcu_node/bin'
[90.286s] INFO:colcon.colcon_core.shell:Creating package script '/home/wayan1/ros2_workspace_3/install/calcu_node/share/calcu_node/package.ps1'
[90.302s] INFO:colcon.colcon_core.shell:Creating package descriptor '/home/wayan1/ros2_workspace_3/install/calcu_node/share/calcu_node/package.dsv'
[90.304s] INFO:colcon.colcon_core.shell:Creating package script '/home/wayan1/ros2_workspace_3/install/calcu_node/share/calcu_node/package.sh'
[90.305s] INFO:colcon.colcon_core.shell:Creating package script '/home/wayan1/ros2_workspace_3/install/calcu_node/share/calcu_node/package.bash'
[90.311s] INFO:colcon.colcon_core.shell:Creating package script '/home/wayan1/ros2_workspace_3/install/calcu_node/share/calcu_node/package.zsh'
[90.312s] Level 1:colcon.colcon_core.environment:create_file_with_runtime_dependencies(/home/wayan1/ros2_workspace_3/install/calcu_node/share/colcon-core/packages/calcu_node)
[90.315s] DEBUG:colcon.colcon_parallel_executor.executor.parallel:closing loop
[90.316s] DEBUG:colcon.colcon_parallel_executor.executor.parallel:loop closed
[90.317s] DEBUG:colcon.colcon_parallel_executor.executor.parallel:run_until_complete finished with '0'
[90.317s] DEBUG:colcon.colcon_core.event_reactor:joining thread
[90.579s] INFO:colcon.colcon_core.plugin_system:Skipping extension 'colcon_notification.desktop_notification.terminal_notifier': Not used on non-Darwin systems
[90.579s] INFO:colcon.colcon_core.plugin_system:Skipping extension 'colcon_notification.desktop_notification.win32': Not used on non-Windows systems
[90.580s] INFO:colcon.colcon_notification.desktop_notification:Sending desktop notification using 'notify2'
[90.963s] DEBUG:colcon.colcon_core.event_reactor:joined thread
[91.060s] INFO:colcon.colcon_core.shell:Creating prefix script '/home/wayan1/ros2_workspace_3/install/local_setup.ps1'
[91.070s] INFO:colcon.colcon_core.shell:Creating prefix util module '/home/wayan1/ros2_workspace_3/install/_local_setup_util_ps1.py'
[91.076s] INFO:colcon.colcon_core.shell:Creating prefix chain script '/home/wayan1/ros2_workspace_3/install/setup.ps1'
[91.232s] INFO:colcon.colcon_core.shell:Creating prefix script '/home/wayan1/ros2_workspace_3/install/local_setup.sh'
[91.236s] INFO:colcon.colcon_core.shell:Creating prefix util module '/home/wayan1/ros2_workspace_3/install/_local_setup_util_sh.py'
[91.238s] INFO:colcon.colcon_core.shell:Creating prefix chain script '/home/wayan1/ros2_workspace_3/install/setup.sh'
[91.333s] INFO:colcon.colcon_core.shell:Creating prefix script '/home/wayan1/ros2_workspace_3/install/local_setup.bash'
[91.343s] INFO:colcon.colcon_core.shell:Creating prefix chain script '/home/wayan1/ros2_workspace_3/install/setup.bash'
[91.425s] INFO:colcon.colcon_core.shell:Creating prefix script '/home/wayan1/ros2_workspace_3/install/local_setup.zsh'
[91.431s] INFO:colcon.colcon_core.shell:Creating prefix chain script '/home/wayan1/ros2_workspace_3/install/setup.zsh'
