[4.830s] DEBUG:colcon:Command line arguments: ['/usr/bin/colcon', 'build']
[4.830s] DEBUG:colcon:Parsed command line arguments: Namespace(log_base=None, log_level=None, verb_name='build', build_base='build', install_base='install', merge_install=False, symlink_install=False, test_result_base=None, continue_on_error=False, executor='parallel', parallel_workers=2, event_handlers=None, ignore_user_meta=False, metas=['./colcon.meta'], base_paths=['.'], packages_ignore=None, packages_ignore_regex=None, paths=None, packages_up_to=None, packages_up_to_regex=None, packages_above=None, packages_above_and_dependencies=None, packages_above_depth=None, packages_select_by_dep=None, packages_skip_by_dep=None, packages_skip_up_to=None, packages_select_build_failed=False, packages_skip_build_finished=False, packages_select_test_failures=False, packages_skip_test_passed=False, packages_select=None, packages_skip=None, packages_select_regex=None, packages_skip_regex=None, packages_start=None, packages_end=None, allow_overriding=[], cmake_args=None, cmake_target=None, cmake_target_skip_unavailable=False, cmake_clean_cache=False, cmake_clean_first=False, cmake_force_configure=False, ament_cmake_args=None, catkin_cmake_args=None, catkin_skip_building_tests=False, verb_parser=<colcon_defaults.argument_parser.defaults.DefaultArgumentsDecorator object at 0x7f649ee7ece0>, verb_extension=<colcon_core.verb.build.BuildVerb object at 0x7f649ee7c2b0>, main=<bound method BuildVerb.main of <colcon_core.verb.build.BuildVerb object at 0x7f649ee7c2b0>>)
[5.122s] Level 1:colcon.colcon_core.package_discovery:discover_packages(colcon_meta) check parameters
[5.123s] Level 1:colcon.colcon_core.package_discovery:discover_packages(recursive) check parameters
[5.123s] Level 1:colcon.colcon_core.package_discovery:discover_packages(ignore) check parameters
[5.123s] Level 1:colcon.colcon_core.package_discovery:discover_packages(path) check parameters
[5.123s] Level 1:colcon.colcon_core.package_discovery:discover_packages(colcon_meta) discover
[5.124s] Level 1:colcon.colcon_core.package_discovery:discover_packages(recursive) discover
[5.124s] INFO:colcon.colcon_core.package_discovery:Crawling recursively for packages in '/home/wayan1/ros2_workspace_3'
[5.124s] Level 1:colcon.colcon_core.package_identification:_identify(.) by extensions ['ignore', 'ignore_ament_install']
[5.124s] Level 1:colcon.colcon_core.package_identification:_identify(.) by extension 'ignore'
[5.124s] Level 1:colcon.colcon_core.package_identification:_identify(.) by extension 'ignore_ament_install'
[5.125s] Level 1:colcon.colcon_core.package_identification:_identify(.) by extensions ['colcon_pkg']
[5.125s] Level 1:colcon.colcon_core.package_identification:_identify(.) by extension 'colcon_pkg'
[5.126s] Level 1:colcon.colcon_core.package_identification:_identify(.) by extensions ['colcon_meta']
[5.126s] Level 1:colcon.colcon_core.package_identification:_identify(.) by extension 'colcon_meta'
[5.126s] Level 1:colcon.colcon_core.package_identification:_identify(.) by extensions ['ros']
[5.128s] Level 1:colcon.colcon_core.package_identification:_identify(.) by extension 'ros'
[5.239s] Level 1:colcon.colcon_core.package_identification:_identify(.) by extensions ['cmake', 'python']
[5.243s] Level 1:colcon.colcon_core.package_identification:_identify(.) by extension 'cmake'
[5.244s] Level 1:colcon.colcon_core.package_identification:_identify(.) by extension 'python'
[5.244s] Level 1:colcon.colcon_core.package_identification:_identify(.) by extensions ['python_setup_py']
[5.245s] Level 1:colcon.colcon_core.package_identification:_identify(.) by extension 'python_setup_py'
[5.246s] Level 1:colcon.colcon_core.package_identification:_identify(build) by extensions ['ignore', 'ignore_ament_install']
[5.249s] Level 1:colcon.colcon_core.package_identification:_identify(build) by extension 'ignore'
[5.250s] Level 1:colcon.colcon_core.package_identification:_identify(build) ignored
[5.253s] Level 1:colcon.colcon_core.package_identification:_identify(install) by extensions ['ignore', 'ignore_ament_install']
[5.254s] Level 1:colcon.colcon_core.package_identification:_identify(install) by extension 'ignore'
[5.254s] Level 1:colcon.colcon_core.package_identification:_identify(install) ignored
[5.255s] Level 1:colcon.colcon_core.package_identification:_identify(log) by extensions ['ignore', 'ignore_ament_install']
[5.255s] Level 1:colcon.colcon_core.package_identification:_identify(log) by extension 'ignore'
[5.255s] Level 1:colcon.colcon_core.package_identification:_identify(log) ignored
[5.255s] Level 1:colcon.colcon_core.package_identification:_identify(src) by extensions ['ignore', 'ignore_ament_install']
[5.256s] Level 1:colcon.colcon_core.package_identification:_identify(src) by extension 'ignore'
[5.256s] Level 1:colcon.colcon_core.package_identification:_identify(src) by extension 'ignore_ament_install'
[5.256s] Level 1:colcon.colcon_core.package_identification:_identify(src) by extensions ['colcon_pkg']
[5.256s] Level 1:colcon.colcon_core.package_identification:_identify(src) by extension 'colcon_pkg'
[5.256s] Level 1:colcon.colcon_core.package_identification:_identify(src) by extensions ['colcon_meta']
[5.256s] Level 1:colcon.colcon_core.package_identification:_identify(src) by extension 'colcon_meta'
[5.257s] Level 1:colcon.colcon_core.package_identification:_identify(src) by extensions ['ros']
[5.257s] Level 1:colcon.colcon_core.package_identification:_identify(src) by extension 'ros'
[5.257s] Level 1:colcon.colcon_core.package_identification:_identify(src) by extensions ['cmake', 'python']
[5.258s] Level 1:colcon.colcon_core.package_identification:_identify(src) by extension 'cmake'
[5.258s] Level 1:colcon.colcon_core.package_identification:_identify(src) by extension 'python'
[5.262s] Level 1:colcon.colcon_core.package_identification:_identify(src) by extensions ['python_setup_py']
[5.262s] Level 1:colcon.colcon_core.package_identification:_identify(src) by extension 'python_setup_py'
[5.262s] Level 1:colcon.colcon_core.package_identification:_identify(src/calcu_node) by extensions ['ignore', 'ignore_ament_install']
[5.263s] Level 1:colcon.colcon_core.package_identification:_identify(src/calcu_node) by extension 'ignore'
[5.263s] Level 1:colcon.colcon_core.package_identification:_identify(src/calcu_node) by extension 'ignore_ament_install'
[5.263s] Level 1:colcon.colcon_core.package_identification:_identify(src/calcu_node) by extensions ['colcon_pkg']
[5.263s] Level 1:colcon.colcon_core.package_identification:_identify(src/calcu_node) by extension 'colcon_pkg'
[5.263s] Level 1:colcon.colcon_core.package_identification:_identify(src/calcu_node) by extensions ['colcon_meta']
[5.263s] Level 1:colcon.colcon_core.package_identification:_identify(src/calcu_node) by extension 'colcon_meta'
[5.264s] Level 1:colcon.colcon_core.package_identification:_identify(src/calcu_node) by extensions ['ros']
[5.264s] Level 1:colcon.colcon_core.package_identification:_identify(src/calcu_node) by extension 'ros'
[5.281s] DEBUG:colcon.colcon_core.package_identification:Package 'src/calcu_node' with type 'ros.ament_cmake' and name 'calcu_node'
[5.281s] Level 1:colcon.colcon_core.package_discovery:discover_packages(recursive) using defaults
[5.281s] Level 1:colcon.colcon_core.package_discovery:discover_packages(ignore) discover
[5.281s] Level 1:colcon.colcon_core.package_discovery:discover_packages(ignore) using defaults
[5.281s] Level 1:colcon.colcon_core.package_discovery:discover_packages(path) discover
[5.281s] Level 1:colcon.colcon_core.package_discovery:discover_packages(path) using defaults
[6.045s] Level 1:colcon.colcon_core.package_discovery:discover_packages(prefix_path) check parameters
[6.045s] Level 1:colcon.colcon_core.package_discovery:discover_packages(prefix_path) discover
[6.266s] DEBUG:colcon.colcon_installed_package_information.package_discovery:Found 1 installed packages in /home/wayan1/ros2_workspace_3/install
[6.400s] DEBUG:colcon.colcon_installed_package_information.package_discovery:Found 270 installed packages in /opt/ros/humble
[6.408s] Level 1:colcon.colcon_core.package_discovery:discover_packages(prefix_path) using defaults
[7.583s] Level 5:colcon.colcon_core.verb:set package 'calcu_node' build argument 'cmake_args' from command line to 'None'
[7.584s] Level 5:colcon.colcon_core.verb:set package 'calcu_node' build argument 'cmake_target' from command line to 'None'
[7.584s] Level 5:colcon.colcon_core.verb:set package 'calcu_node' build argument 'cmake_target_skip_unavailable' from command line to 'False'
[7.584s] Level 5:colcon.colcon_core.verb:set package 'calcu_node' build argument 'cmake_clean_cache' from command line to 'False'
[7.584s] Level 5:colcon.colcon_core.verb:set package 'calcu_node' build argument 'cmake_clean_first' from command line to 'False'
[7.584s] Level 5:colcon.colcon_core.verb:set package 'calcu_node' build argument 'cmake_force_configure' from command line to 'False'
[7.584s] Level 5:colcon.colcon_core.verb:set package 'calcu_node' build argument 'ament_cmake_args' from command line to 'None'
[7.585s] Level 5:colcon.colcon_core.verb:set package 'calcu_node' build argument 'catkin_cmake_args' from command line to 'None'
[7.585s] Level 5:colcon.colcon_core.verb:set package 'calcu_node' build argument 'catkin_skip_building_tests' from command line to 'False'
[7.585s] DEBUG:colcon.colcon_core.verb:Building package 'calcu_node' with the following arguments: {'ament_cmake_args': None, 'build_base': '/home/wayan1/ros2_workspace_3/build/calcu_node', 'catkin_cmake_args': None, 'catkin_skip_building_tests': False, 'cmake_args': None, 'cmake_clean_cache': False, 'cmake_clean_first': False, 'cmake_force_configure': False, 'cmake_target': None, 'cmake_target_skip_unavailable': False, 'install_base': '/home/wayan1/ros2_workspace_3/install/calcu_node', 'merge_install': False, 'path': '/home/wayan1/ros2_workspace_3/src/calcu_node', 'symlink_install': False, 'test_result_base': None}
[7.749s] INFO:colcon.colcon_core.executor:Executing jobs using 'parallel' executor
[7.860s] DEBUG:colcon.colcon_parallel_executor.executor.parallel:run_until_complete
[7.860s] INFO:colcon.colcon_ros.task.ament_cmake.build:Building ROS package in '/home/wayan1/ros2_workspace_3/src/calcu_node' with build type 'ament_cmake'
[7.861s] INFO:colcon.colcon_cmake.task.cmake.build:Building CMake package in '/home/wayan1/ros2_workspace_3/src/calcu_node'
[8.051s] INFO:colcon.colcon_core.plugin_system:Skipping extension 'colcon_core.shell.bat': Not used on non-Windows systems
[8.052s] INFO:colcon.colcon_core.shell:Skip shell extension 'powershell' for command environment: Not usable outside of PowerShell
[8.053s] DEBUG:colcon.colcon_core.shell:Skip shell extension 'dsv' for command environment
[8.616s] DEBUG:colcon.colcon_core.event_handler.log_command:Invoking command in '/home/wayan1/ros2_workspace_3/build/calcu_node': CMAKE_PREFIX_PATH=${CMAKE_PREFIX_PATH}:/opt/ros/humble /usr/bin/cmake --build /home/wayan1/ros2_workspace_3/build/calcu_node -- -j2 -l2
[50.764s] DEBUG:colcon.colcon_core.event_handler.log_command:Invoked command in '/home/wayan1/ros2_workspace_3/build/calcu_node' returned '2': CMAKE_PREFIX_PATH=${CMAKE_PREFIX_PATH}:/opt/ros/humble /usr/bin/cmake --build /home/wayan1/ros2_workspace_3/build/calcu_node -- -j2 -l2
[52.390s] Level 1:colcon.colcon_core.environment:create_environment_scripts_only(calcu_node)
[52.886s] Level 1:colcon.colcon_core.environment:checking '/home/wayan1/ros2_workspace_3/install/calcu_node' for CMake module files
[52.914s] Level 1:colcon.colcon_core.environment:checking '/home/wayan1/ros2_workspace_3/install/calcu_node' for CMake config files
[52.919s] Level 1:colcon.colcon_core.shell:create_environment_hook('calcu_node', 'cmake_prefix_path')
[53.091s] INFO:colcon.colcon_core.shell:Creating environment hook '/home/wayan1/ros2_workspace_3/install/calcu_node/share/calcu_node/hook/cmake_prefix_path.ps1'
[53.195s] INFO:colcon.colcon_core.shell:Creating environment descriptor '/home/wayan1/ros2_workspace_3/install/calcu_node/share/calcu_node/hook/cmake_prefix_path.dsv'
[53.204s] INFO:colcon.colcon_core.shell:Creating environment hook '/home/wayan1/ros2_workspace_3/install/calcu_node/share/calcu_node/hook/cmake_prefix_path.sh'
[53.292s] Level 1:colcon.colcon_core.environment:checking '/home/wayan1/ros2_workspace_3/install/calcu_node/lib'
[53.306s] Level 1:colcon.colcon_core.environment:checking '/home/wayan1/ros2_workspace_3/install/calcu_node/bin'
[53.307s] Level 1:colcon.colcon_core.environment:checking '/home/wayan1/ros2_workspace_3/install/calcu_node/lib/pkgconfig/calcu_node.pc'
[53.368s] Level 1:colcon.colcon_core.environment:checking '/home/wayan1/ros2_workspace_3/install/calcu_node/lib/python3.10/site-packages'
[53.369s] Level 1:colcon.colcon_core.environment:checking '/home/wayan1/ros2_workspace_3/install/calcu_node/bin'
[53.538s] INFO:colcon.colcon_core.shell:Creating package script '/home/wayan1/ros2_workspace_3/install/calcu_node/share/calcu_node/package.ps1'
[53.556s] INFO:colcon.colcon_core.shell:Creating package descriptor '/home/wayan1/ros2_workspace_3/install/calcu_node/share/calcu_node/package.dsv'
[53.561s] INFO:colcon.colcon_core.shell:Creating package script '/home/wayan1/ros2_workspace_3/install/calcu_node/share/calcu_node/package.sh'
[53.570s] INFO:colcon.colcon_core.shell:Creating package script '/home/wayan1/ros2_workspace_3/install/calcu_node/share/calcu_node/package.bash'
[53.583s] INFO:colcon.colcon_core.shell:Creating package script '/home/wayan1/ros2_workspace_3/install/calcu_node/share/calcu_node/package.zsh'
[53.591s] Level 1:colcon.colcon_core.environment:create_file_with_runtime_dependencies(/home/wayan1/ros2_workspace_3/install/calcu_node/share/colcon-core/packages/calcu_node)
[53.655s] DEBUG:colcon.colcon_parallel_executor.executor.parallel:closing loop
[53.692s] DEBUG:colcon.colcon_parallel_executor.executor.parallel:loop closed
[53.694s] DEBUG:colcon.colcon_parallel_executor.executor.parallel:run_until_complete finished with '2'
[53.697s] DEBUG:colcon.colcon_core.event_reactor:joining thread
[54.064s] INFO:colcon.colcon_core.plugin_system:Skipping extension 'colcon_notification.desktop_notification.terminal_notifier': Not used on non-Darwin systems
[54.064s] INFO:colcon.colcon_core.plugin_system:Skipping extension 'colcon_notification.desktop_notification.win32': Not used on non-Windows systems
[54.064s] INFO:colcon.colcon_notification.desktop_notification:Sending desktop notification using 'notify2'
[54.357s] DEBUG:colcon.colcon_core.event_reactor:joined thread
[54.471s] INFO:colcon.colcon_core.shell:Creating prefix script '/home/wayan1/ros2_workspace_3/install/local_setup.ps1'
[54.475s] INFO:colcon.colcon_core.shell:Creating prefix util module '/home/wayan1/ros2_workspace_3/install/_local_setup_util_ps1.py'
[54.483s] INFO:colcon.colcon_core.shell:Creating prefix chain script '/home/wayan1/ros2_workspace_3/install/setup.ps1'
[54.614s] INFO:colcon.colcon_core.shell:Creating prefix script '/home/wayan1/ros2_workspace_3/install/local_setup.sh'
[54.618s] INFO:colcon.colcon_core.shell:Creating prefix util module '/home/wayan1/ros2_workspace_3/install/_local_setup_util_sh.py'
[54.620s] INFO:colcon.colcon_core.shell:Creating prefix chain script '/home/wayan1/ros2_workspace_3/install/setup.sh'
[56.073s] INFO:colcon.colcon_core.shell:Creating prefix script '/home/wayan1/ros2_workspace_3/install/local_setup.bash'
[56.076s] INFO:colcon.colcon_core.shell:Creating prefix chain script '/home/wayan1/ros2_workspace_3/install/setup.bash'
[56.119s] INFO:colcon.colcon_core.shell:Creating prefix script '/home/wayan1/ros2_workspace_3/install/local_setup.zsh'
[56.122s] INFO:colcon.colcon_core.shell:Creating prefix chain script '/home/wayan1/ros2_workspace_3/install/setup.zsh'
