[4.372s] DEBUG:colcon:Command line arguments: ['/usr/bin/colcon', 'build']
[4.373s] DEBUG:colcon:Parsed command line arguments: Namespace(log_base=None, log_level=None, verb_name='build', build_base='build', install_base='install', merge_install=False, symlink_install=False, test_result_base=None, continue_on_error=False, executor='parallel', parallel_workers=2, event_handlers=None, ignore_user_meta=False, metas=['./colcon.meta'], base_paths=['.'], packages_ignore=None, packages_ignore_regex=None, paths=None, packages_up_to=None, packages_up_to_regex=None, packages_above=None, packages_above_and_dependencies=None, packages_above_depth=None, packages_select_by_dep=None, packages_skip_by_dep=None, packages_skip_up_to=None, packages_select_build_failed=False, packages_skip_build_finished=False, packages_select_test_failures=False, packages_skip_test_passed=False, packages_select=None, packages_skip=None, packages_select_regex=None, packages_skip_regex=None, packages_start=None, packages_end=None, allow_overriding=[], cmake_args=None, cmake_target=None, cmake_target_skip_unavailable=False, cmake_clean_cache=False, cmake_clean_first=False, cmake_force_configure=False, ament_cmake_args=None, catkin_cmake_args=None, catkin_skip_building_tests=False, verb_parser=<colcon_defaults.argument_parser.defaults.DefaultArgumentsDecorator object at 0x7f3902f8a860>, verb_extension=<colcon_core.verb.build.BuildVerb object at 0x7f3902f8ac80>, main=<bound method BuildVerb.main of <colcon_core.verb.build.BuildVerb object at 0x7f3902f8ac80>>)
[4.807s] Level 1:colcon.colcon_core.package_discovery:discover_packages(colcon_meta) check parameters
[4.811s] Level 1:colcon.colcon_core.package_discovery:discover_packages(recursive) check parameters
[4.813s] Level 1:colcon.colcon_core.package_discovery:discover_packages(ignore) check parameters
[4.815s] Level 1:colcon.colcon_core.package_discovery:discover_packages(path) check parameters
[4.816s] Level 1:colcon.colcon_core.package_discovery:discover_packages(colcon_meta) discover
[4.817s] Level 1:colcon.colcon_core.package_discovery:discover_packages(recursive) discover
[4.817s] INFO:colcon.colcon_core.package_discovery:Crawling recursively for packages in '/home/wayan1/ros2_workspace_3'
[4.818s] Level 1:colcon.colcon_core.package_identification:_identify(.) by extensions ['ignore', 'ignore_ament_install']
[4.820s] Level 1:colcon.colcon_core.package_identification:_identify(.) by extension 'ignore'
[4.820s] Level 1:colcon.colcon_core.package_identification:_identify(.) by extension 'ignore_ament_install'
[4.821s] Level 1:colcon.colcon_core.package_identification:_identify(.) by extensions ['colcon_pkg']
[4.822s] Level 1:colcon.colcon_core.package_identification:_identify(.) by extension 'colcon_pkg'
[4.822s] Level 1:colcon.colcon_core.package_identification:_identify(.) by extensions ['colcon_meta']
[4.823s] Level 1:colcon.colcon_core.package_identification:_identify(.) by extension 'colcon_meta'
[4.828s] Level 1:colcon.colcon_core.package_identification:_identify(.) by extensions ['ros']
[4.828s] Level 1:colcon.colcon_core.package_identification:_identify(.) by extension 'ros'
[4.968s] Level 1:colcon.colcon_core.package_identification:_identify(.) by extensions ['cmake', 'python']
[4.969s] Level 1:colcon.colcon_core.package_identification:_identify(.) by extension 'cmake'
[4.970s] Level 1:colcon.colcon_core.package_identification:_identify(.) by extension 'python'
[4.970s] Level 1:colcon.colcon_core.package_identification:_identify(.) by extensions ['python_setup_py']
[4.971s] Level 1:colcon.colcon_core.package_identification:_identify(.) by extension 'python_setup_py'
[4.971s] Level 1:colcon.colcon_core.package_identification:_identify(build) by extensions ['ignore', 'ignore_ament_install']
[4.972s] Level 1:colcon.colcon_core.package_identification:_identify(build) by extension 'ignore'
[4.975s] Level 1:colcon.colcon_core.package_identification:_identify(build) ignored
[4.976s] Level 1:colcon.colcon_core.package_identification:_identify(install) by extensions ['ignore', 'ignore_ament_install']
[4.977s] Level 1:colcon.colcon_core.package_identification:_identify(install) by extension 'ignore'
[4.978s] Level 1:colcon.colcon_core.package_identification:_identify(install) ignored
[4.979s] Level 1:colcon.colcon_core.package_identification:_identify(log) by extensions ['ignore', 'ignore_ament_install']
[4.979s] Level 1:colcon.colcon_core.package_identification:_identify(log) by extension 'ignore'
[4.980s] Level 1:colcon.colcon_core.package_identification:_identify(log) ignored
[4.987s] Level 1:colcon.colcon_core.package_identification:_identify(src) by extensions ['ignore', 'ignore_ament_install']
[4.989s] Level 1:colcon.colcon_core.package_identification:_identify(src) by extension 'ignore'
[4.990s] Level 1:colcon.colcon_core.package_identification:_identify(src) by extension 'ignore_ament_install'
[4.990s] Level 1:colcon.colcon_core.package_identification:_identify(src) by extensions ['colcon_pkg']
[4.991s] Level 1:colcon.colcon_core.package_identification:_identify(src) by extension 'colcon_pkg'
[5.003s] Level 1:colcon.colcon_core.package_identification:_identify(src) by extensions ['colcon_meta']
[5.004s] Level 1:colcon.colcon_core.package_identification:_identify(src) by extension 'colcon_meta'
[5.004s] Level 1:colcon.colcon_core.package_identification:_identify(src) by extensions ['ros']
[5.004s] Level 1:colcon.colcon_core.package_identification:_identify(src) by extension 'ros'
[5.005s] Level 1:colcon.colcon_core.package_identification:_identify(src) by extensions ['cmake', 'python']
[5.005s] Level 1:colcon.colcon_core.package_identification:_identify(src) by extension 'cmake'
[5.006s] Level 1:colcon.colcon_core.package_identification:_identify(src) by extension 'python'
[5.006s] Level 1:colcon.colcon_core.package_identification:_identify(src) by extensions ['python_setup_py']
[5.006s] Level 1:colcon.colcon_core.package_identification:_identify(src) by extension 'python_setup_py'
[5.008s] Level 1:colcon.colcon_core.package_identification:_identify(src/calcu_node) by extensions ['ignore', 'ignore_ament_install']
[5.008s] Level 1:colcon.colcon_core.package_identification:_identify(src/calcu_node) by extension 'ignore'
[5.009s] Level 1:colcon.colcon_core.package_identification:_identify(src/calcu_node) by extension 'ignore_ament_install'
[5.009s] Level 1:colcon.colcon_core.package_identification:_identify(src/calcu_node) by extensions ['colcon_pkg']
[5.009s] Level 1:colcon.colcon_core.package_identification:_identify(src/calcu_node) by extension 'colcon_pkg'
[5.010s] Level 1:colcon.colcon_core.package_identification:_identify(src/calcu_node) by extensions ['colcon_meta']
[5.010s] Level 1:colcon.colcon_core.package_identification:_identify(src/calcu_node) by extension 'colcon_meta'
[5.010s] Level 1:colcon.colcon_core.package_identification:_identify(src/calcu_node) by extensions ['ros']
[5.010s] Level 1:colcon.colcon_core.package_identification:_identify(src/calcu_node) by extension 'ros'
[5.045s] DEBUG:colcon.colcon_core.package_identification:Package 'src/calcu_node' with type 'ros.ament_cmake' and name 'calcu_node'
[5.046s] Level 1:colcon.colcon_core.package_discovery:discover_packages(recursive) using defaults
[5.046s] Level 1:colcon.colcon_core.package_discovery:discover_packages(ignore) discover
[5.046s] Level 1:colcon.colcon_core.package_discovery:discover_packages(ignore) using defaults
[5.046s] Level 1:colcon.colcon_core.package_discovery:discover_packages(path) discover
[5.047s] Level 1:colcon.colcon_core.package_discovery:discover_packages(path) using defaults
[5.911s] Level 1:colcon.colcon_core.package_discovery:discover_packages(prefix_path) check parameters
[5.912s] Level 1:colcon.colcon_core.package_discovery:discover_packages(prefix_path) discover
[6.119s] DEBUG:colcon.colcon_installed_package_information.package_discovery:Found 270 installed packages in /opt/ros/humble
[6.128s] Level 1:colcon.colcon_core.package_discovery:discover_packages(prefix_path) using defaults
[6.759s] Level 5:colcon.colcon_core.verb:set package 'calcu_node' build argument 'cmake_args' from command line to 'None'
[6.760s] Level 5:colcon.colcon_core.verb:set package 'calcu_node' build argument 'cmake_target' from command line to 'None'
[6.760s] Level 5:colcon.colcon_core.verb:set package 'calcu_node' build argument 'cmake_target_skip_unavailable' from command line to 'False'
[6.760s] Level 5:colcon.colcon_core.verb:set package 'calcu_node' build argument 'cmake_clean_cache' from command line to 'False'
[6.760s] Level 5:colcon.colcon_core.verb:set package 'calcu_node' build argument 'cmake_clean_first' from command line to 'False'
[6.760s] Level 5:colcon.colcon_core.verb:set package 'calcu_node' build argument 'cmake_force_configure' from command line to 'False'
[6.760s] Level 5:colcon.colcon_core.verb:set package 'calcu_node' build argument 'ament_cmake_args' from command line to 'None'
[6.760s] Level 5:colcon.colcon_core.verb:set package 'calcu_node' build argument 'catkin_cmake_args' from command line to 'None'
[6.760s] Level 5:colcon.colcon_core.verb:set package 'calcu_node' build argument 'catkin_skip_building_tests' from command line to 'False'
[6.761s] DEBUG:colcon.colcon_core.verb:Building package 'calcu_node' with the following arguments: {'ament_cmake_args': None, 'build_base': '/home/wayan1/ros2_workspace_3/build/calcu_node', 'catkin_cmake_args': None, 'catkin_skip_building_tests': False, 'cmake_args': None, 'cmake_clean_cache': False, 'cmake_clean_first': False, 'cmake_force_configure': False, 'cmake_target': None, 'cmake_target_skip_unavailable': False, 'install_base': '/home/wayan1/ros2_workspace_3/install/calcu_node', 'merge_install': False, 'path': '/home/wayan1/ros2_workspace_3/src/calcu_node', 'symlink_install': False, 'test_result_base': None}
[6.909s] INFO:colcon.colcon_core.executor:Executing jobs using 'parallel' executor
[7.011s] DEBUG:colcon.colcon_parallel_executor.executor.parallel:run_until_complete
[7.012s] INFO:colcon.colcon_ros.task.ament_cmake.build:Building ROS package in '/home/wayan1/ros2_workspace_3/src/calcu_node' with build type 'ament_cmake'
[7.013s] INFO:colcon.colcon_cmake.task.cmake.build:Building CMake package in '/home/wayan1/ros2_workspace_3/src/calcu_node'
[7.204s] INFO:colcon.colcon_core.plugin_system:Skipping extension 'colcon_core.shell.bat': Not used on non-Windows systems
[7.208s] INFO:colcon.colcon_core.shell:Skip shell extension 'powershell' for command environment: Not usable outside of PowerShell
[7.209s] DEBUG:colcon.colcon_core.shell:Skip shell extension 'dsv' for command environment
[7.581s] DEBUG:colcon.colcon_core.event_handler.log_command:Invoking command in '/home/wayan1/ros2_workspace_3/build/calcu_node': CMAKE_PREFIX_PATH=/opt/ros/humble /usr/bin/cmake /home/wayan1/ros2_workspace_3/src/calcu_node -DCMAKE_INSTALL_PREFIX=/home/wayan1/ros2_workspace_3/install/calcu_node
[20.236s] DEBUG:colcon.colcon_core.event_handler.log_command:Invoked command in '/home/wayan1/ros2_workspace_3/build/calcu_node' returned '1': CMAKE_PREFIX_PATH=/opt/ros/humble /usr/bin/cmake /home/wayan1/ros2_workspace_3/src/calcu_node -DCMAKE_INSTALL_PREFIX=/home/wayan1/ros2_workspace_3/install/calcu_node
[20.311s] Level 1:colcon.colcon_core.environment:create_environment_scripts_only(calcu_node)
[20.484s] Level 1:colcon.colcon_core.environment:checking '/home/wayan1/ros2_workspace_3/install/calcu_node' for CMake module files
[20.486s] Level 1:colcon.colcon_core.environment:checking '/home/wayan1/ros2_workspace_3/install/calcu_node' for CMake config files
[20.487s] Level 1:colcon.colcon_core.environment:checking '/home/wayan1/ros2_workspace_3/install/calcu_node/bin'
[20.487s] Level 1:colcon.colcon_core.environment:checking '/home/wayan1/ros2_workspace_3/install/calcu_node/lib/pkgconfig/calcu_node.pc'
[20.488s] Level 1:colcon.colcon_core.environment:checking '/home/wayan1/ros2_workspace_3/install/calcu_node/lib/python3.10/site-packages'
[20.489s] Level 1:colcon.colcon_core.environment:checking '/home/wayan1/ros2_workspace_3/install/calcu_node/bin'
[20.626s] INFO:colcon.colcon_core.shell:Creating package script '/home/wayan1/ros2_workspace_3/install/calcu_node/share/calcu_node/package.ps1'
[20.637s] INFO:colcon.colcon_core.shell:Creating package descriptor '/home/wayan1/ros2_workspace_3/install/calcu_node/share/calcu_node/package.dsv'
[20.639s] INFO:colcon.colcon_core.shell:Creating package script '/home/wayan1/ros2_workspace_3/install/calcu_node/share/calcu_node/package.sh'
[20.642s] INFO:colcon.colcon_core.shell:Creating package script '/home/wayan1/ros2_workspace_3/install/calcu_node/share/calcu_node/package.bash'
[20.645s] INFO:colcon.colcon_core.shell:Creating package script '/home/wayan1/ros2_workspace_3/install/calcu_node/share/calcu_node/package.zsh'
[20.648s] Level 1:colcon.colcon_core.environment:create_file_with_runtime_dependencies(/home/wayan1/ros2_workspace_3/install/calcu_node/share/colcon-core/packages/calcu_node)
[20.659s] DEBUG:colcon.colcon_parallel_executor.executor.parallel:closing loop
[20.660s] DEBUG:colcon.colcon_parallel_executor.executor.parallel:loop closed
[20.660s] DEBUG:colcon.colcon_parallel_executor.executor.parallel:run_until_complete finished with '1'
[20.660s] DEBUG:colcon.colcon_core.event_reactor:joining thread
[20.872s] INFO:colcon.colcon_core.plugin_system:Skipping extension 'colcon_notification.desktop_notification.terminal_notifier': Not used on non-Darwin systems
[20.872s] INFO:colcon.colcon_core.plugin_system:Skipping extension 'colcon_notification.desktop_notification.win32': Not used on non-Windows systems
[20.873s] INFO:colcon.colcon_notification.desktop_notification:Sending desktop notification using 'notify2'
[21.272s] DEBUG:colcon.colcon_core.event_reactor:joined thread
[21.468s] INFO:colcon.colcon_core.shell:Creating prefix script '/home/wayan1/ros2_workspace_3/install/local_setup.ps1'
[21.475s] INFO:colcon.colcon_core.shell:Creating prefix util module '/home/wayan1/ros2_workspace_3/install/_local_setup_util_ps1.py'
[21.532s] INFO:colcon.colcon_core.shell:Creating prefix chain script '/home/wayan1/ros2_workspace_3/install/setup.ps1'
[21.687s] INFO:colcon.colcon_core.shell:Creating prefix script '/home/wayan1/ros2_workspace_3/install/local_setup.sh'
[21.690s] INFO:colcon.colcon_core.shell:Creating prefix util module '/home/wayan1/ros2_workspace_3/install/_local_setup_util_sh.py'
[21.695s] INFO:colcon.colcon_core.shell:Creating prefix chain script '/home/wayan1/ros2_workspace_3/install/setup.sh'
[21.833s] INFO:colcon.colcon_core.shell:Creating prefix script '/home/wayan1/ros2_workspace_3/install/local_setup.bash'
[21.837s] INFO:colcon.colcon_core.shell:Creating prefix chain script '/home/wayan1/ros2_workspace_3/install/setup.bash'
[21.957s] INFO:colcon.colcon_core.shell:Creating prefix script '/home/wayan1/ros2_workspace_3/install/local_setup.zsh'
[21.960s] INFO:colcon.colcon_core.shell:Creating prefix chain script '/home/wayan1/ros2_workspace_3/install/setup.zsh'
