-- Found ament_cmake: 1.3.7 (/opt/ros/humble/share/ament_cmake/cmake)
-- Found rclcpp: 16.0.8 (/opt/ros/humble/share/rclcpp/cmake)
-- Found rosidl_generator_c: 3.1.5 (/opt/ros/humble/share/rosidl_generator_c/cmake)
-- Found rosidl_adapter: 3.1.5 (/opt/ros/humble/share/rosidl_adapter/cmake)
-- Found rosidl_generator_cpp: 3.1.5 (/opt/ros/humble/share/rosidl_generator_cpp/cmake)
-- Using all available rosidl_typesupport_c: rosidl_typesupport_fastrtps_c;rosidl_typesupport_introspection_c
-- Using all available rosidl_typesupport_cpp: rosidl_typesupport_fastrtps_cpp;rosidl_typesupport_introspection_cpp
-- Found rmw_implementation_cmake: 6.1.1 (/opt/ros/humble/share/rmw_implementation_cmake/cmake)
-- Found rmw_fastrtps_cpp: 6.2.6 (/opt/ros/humble/share/rmw_fastrtps_cpp/cmake)
-- Using RMW implementation 'rmw_fastrtps_cpp' as default
-- Found ament_lint_auto: 0.12.10 (/opt/ros/humble/share/ament_lint_auto/cmake)
-- Added test 'cppcheck' to perform static code analysis on C / C++ code
-- Configured cppcheck include dirs: 
-- Configured cppcheck exclude dirs and/or files: 
-- Added test 'lint_cmake' to check CMake code style
-- Added test 'uncrustify' to check C / C++ code style
-- Configured uncrustify additional arguments: 
-- Added test 'xmllint' to check XML markup files
-- Configuring done
-- Generating done
-- Build files have been written to: /home/wayan1/ros2_workspace_3/build/calcu_node
[ 25%] [32mBuilding CXX object CMakeFiles/talk.dir/src/calculator.cpp.o[0m
[ 50%] [32m[1mLinking CXX executable talk[0m
[ 50%] Built target talk
[ 75%] [32mBuilding CXX object CMakeFiles/res.dir/src/result.cpp.o[0m
[100%] [32m[1mLinking CXX executable res[0m
[100%] Built target res
-- Install configuration: ""
-- Installing: /home/wayan1/ros2_workspace_3/install/calcu_node/lib/calcu_node/talk
-- Set runtime path of "/home/wayan1/ros2_workspace_3/install/calcu_node/lib/calcu_node/talk" to ""
-- Installing: /home/wayan1/ros2_workspace_3/install/calcu_node/lib/calcu_node/res
-- Set runtime path of "/home/wayan1/ros2_workspace_3/install/calcu_node/lib/calcu_node/res" to ""
-- Installing: /home/wayan1/ros2_workspace_3/install/calcu_node/share/ament_index/resource_index/package_run_dependencies/calcu_node
-- Installing: /home/wayan1/ros2_workspace_3/install/calcu_node/share/ament_index/resource_index/parent_prefix_path/calcu_node
-- Installing: /home/wayan1/ros2_workspace_3/install/calcu_node/share/calcu_node/environment/ament_prefix_path.sh
-- Installing: /home/wayan1/ros2_workspace_3/install/calcu_node/share/calcu_node/environment/ament_prefix_path.dsv
-- Installing: /home/wayan1/ros2_workspace_3/install/calcu_node/share/calcu_node/environment/path.sh
-- Installing: /home/wayan1/ros2_workspace_3/install/calcu_node/share/calcu_node/environment/path.dsv
-- Installing: /home/wayan1/ros2_workspace_3/install/calcu_node/share/calcu_node/local_setup.bash
-- Installing: /home/wayan1/ros2_workspace_3/install/calcu_node/share/calcu_node/local_setup.sh
-- Installing: /home/wayan1/ros2_workspace_3/install/calcu_node/share/calcu_node/local_setup.zsh
-- Installing: /home/wayan1/ros2_workspace_3/install/calcu_node/share/calcu_node/local_setup.dsv
-- Installing: /home/wayan1/ros2_workspace_3/install/calcu_node/share/calcu_node/package.dsv
-- Installing: /home/wayan1/ros2_workspace_3/install/calcu_node/share/ament_index/resource_index/packages/calcu_node
-- Installing: /home/wayan1/ros2_workspace_3/install/calcu_node/share/calcu_node/cmake/calcu_nodeConfig.cmake
-- Installing: /home/wayan1/ros2_workspace_3/install/calcu_node/share/calcu_node/cmake/calcu_nodeConfig-version.cmake
-- Installing: /home/wayan1/ros2_workspace_3/install/calcu_node/share/calcu_node/package.xml
