[0.566s] Invoking command in '/home/wayan1/ros2_workspace_3/build/calcu_node': CMAKE_PREFIX_PATH=/opt/ros/humble /usr/bin/cmake /home/wayan1/ros2_workspace_3/src/calcu_node -DCMAKE_INSTALL_PREFIX=/home/wayan1/ros2_workspace_3/install/calcu_node
[0.721s] -- Found ament_cmake: 1.3.7 (/opt/ros/humble/share/ament_cmake/cmake)
[1.819s] -- Found rclcpp: 16.0.8 (/opt/ros/humble/share/rclcpp/cmake)
[2.085s] -- Found rosidl_generator_c: 3.1.5 (/opt/ros/humble/share/rosidl_generator_c/cmake)
[2.123s] -- Found rosidl_adapter: 3.1.5 (/opt/ros/humble/share/rosidl_adapter/cmake)
[2.199s] -- Found rosidl_generator_cpp: 3.1.5 (/opt/ros/humble/share/rosidl_generator_cpp/cmake)
[2.317s] -- Using all available rosidl_typesupport_c: rosidl_typesupport_fastrtps_c;rosidl_typesupport_introspection_c
[2.487s] -- Using all available rosidl_typesupport_cpp: rosidl_typesupport_fastrtps_cpp;rosidl_typesupport_introspection_cpp
[3.002s] -- Found rmw_implementation_cmake: 6.1.1 (/opt/ros/humble/share/rmw_implementation_cmake/cmake)
[3.032s] -- Found rmw_fastrtps_cpp: 6.2.6 (/opt/ros/humble/share/rmw_fastrtps_cpp/cmake)
[3.957s] -- Using RMW implementation 'rmw_fastrtps_cpp' as default
[5.137s] -- Found ament_lint_auto: 0.12.10 (/opt/ros/humble/share/ament_lint_auto/cmake)
[5.921s] -- Added test 'cppcheck' to perform static code analysis on C / C++ code
[5.921s] -- Configured cppcheck include dirs: 
[5.922s] -- Configured cppcheck exclude dirs and/or files: 
[5.930s] -- Added test 'lint_cmake' to check CMake code style
[5.939s] -- Added test 'uncrustify' to check C / C++ code style
[5.940s] -- Configured uncrustify additional arguments: 
[5.945s] -- Added test 'xmllint' to check XML markup files
[5.958s] -- Configuring done
[6.035s] -- Generating done
[6.043s] -- Build files have been written to: /home/wayan1/ros2_workspace_3/build/calcu_node
[6.082s] Invoked command in '/home/wayan1/ros2_workspace_3/build/calcu_node' returned '0': CMAKE_PREFIX_PATH=/opt/ros/humble /usr/bin/cmake /home/wayan1/ros2_workspace_3/src/calcu_node -DCMAKE_INSTALL_PREFIX=/home/wayan1/ros2_workspace_3/install/calcu_node
[6.103s] Invoking command in '/home/wayan1/ros2_workspace_3/build/calcu_node': CMAKE_PREFIX_PATH=/opt/ros/humble /usr/bin/cmake --build /home/wayan1/ros2_workspace_3/build/calcu_node -- -j2 -l2
[6.380s] [ 25%] [32mBuilding CXX object CMakeFiles/talk.dir/src/calculator.cpp.o[0m
[69.892s] [ 50%] [32m[1mLinking CXX executable talk[0m
[73.114s] [ 50%] Built target talk
[73.360s] [ 75%] [32mBuilding CXX object CMakeFiles/res.dir/src/result.cpp.o[0m
[136.590s] [100%] [32m[1mLinking CXX executable res[0m
[139.207s] [100%] Built target res
[139.836s] Invoked command in '/home/wayan1/ros2_workspace_3/build/calcu_node' returned '0': CMAKE_PREFIX_PATH=/opt/ros/humble /usr/bin/cmake --build /home/wayan1/ros2_workspace_3/build/calcu_node -- -j2 -l2
[140.546s] Invoking command in '/home/wayan1/ros2_workspace_3/build/calcu_node': CMAKE_PREFIX_PATH=/opt/ros/humble /usr/bin/cmake --install /home/wayan1/ros2_workspace_3/build/calcu_node
[140.640s] -- Install configuration: ""
[140.645s] -- Installing: /home/wayan1/ros2_workspace_3/install/calcu_node/lib/calcu_node/talk
[140.740s] -- Set runtime path of "/home/wayan1/ros2_workspace_3/install/calcu_node/lib/calcu_node/talk" to ""
[140.741s] -- Installing: /home/wayan1/ros2_workspace_3/install/calcu_node/lib/calcu_node/res
[140.761s] -- Set runtime path of "/home/wayan1/ros2_workspace_3/install/calcu_node/lib/calcu_node/res" to ""
[140.766s] -- Installing: /home/wayan1/ros2_workspace_3/install/calcu_node/share/ament_index/resource_index/package_run_dependencies/calcu_node
[140.768s] -- Installing: /home/wayan1/ros2_workspace_3/install/calcu_node/share/ament_index/resource_index/parent_prefix_path/calcu_node
[140.774s] -- Installing: /home/wayan1/ros2_workspace_3/install/calcu_node/share/calcu_node/environment/ament_prefix_path.sh
[140.774s] -- Installing: /home/wayan1/ros2_workspace_3/install/calcu_node/share/calcu_node/environment/ament_prefix_path.dsv
[140.776s] -- Installing: /home/wayan1/ros2_workspace_3/install/calcu_node/share/calcu_node/environment/path.sh
[140.777s] -- Installing: /home/wayan1/ros2_workspace_3/install/calcu_node/share/calcu_node/environment/path.dsv
[140.778s] -- Installing: /home/wayan1/ros2_workspace_3/install/calcu_node/share/calcu_node/local_setup.bash
[140.780s] -- Installing: /home/wayan1/ros2_workspace_3/install/calcu_node/share/calcu_node/local_setup.sh
[140.781s] -- Installing: /home/wayan1/ros2_workspace_3/install/calcu_node/share/calcu_node/local_setup.zsh
[140.783s] -- Installing: /home/wayan1/ros2_workspace_3/install/calcu_node/share/calcu_node/local_setup.dsv
[140.784s] -- Installing: /home/wayan1/ros2_workspace_3/install/calcu_node/share/calcu_node/package.dsv
[140.787s] -- Installing: /home/wayan1/ros2_workspace_3/install/calcu_node/share/ament_index/resource_index/packages/calcu_node
[140.788s] -- Installing: /home/wayan1/ros2_workspace_3/install/calcu_node/share/calcu_node/cmake/calcu_nodeConfig.cmake
[140.843s] -- Installing: /home/wayan1/ros2_workspace_3/install/calcu_node/share/calcu_node/cmake/calcu_nodeConfig-version.cmake
[140.844s] -- Installing: /home/wayan1/ros2_workspace_3/install/calcu_node/share/calcu_node/package.xml
[140.845s] Invoked command in '/home/wayan1/ros2_workspace_3/build/calcu_node' returned '0': CMAKE_PREFIX_PATH=/opt/ros/humble /usr/bin/cmake --install /home/wayan1/ros2_workspace_3/build/calcu_node
