[0.634s] Invoking command in '/home/wayan1/ros2_workspace_3/build/calcu_node': CMAKE_PREFIX_PATH=${CMAKE_PREFIX_PATH}:/opt/ros/humble /usr/bin/cmake --build /home/wayan1/ros2_workspace_3/build/calcu_node -- -j2 -l2
[1.763s] [ 25%] [32mBuilding CXX object CMakeFiles/talk.dir/src/calculator.cpp.o[0m
[71.976s] [ 50%] [32m[1mLinking CXX executable talk[0m
[74.780s] [ 50%] Built target talk
[74.950s] [35m[1mConsolidate compiler generated dependencies of target res[0m
[75.300s] [ 75%] [32mBuilding CXX object CMakeFiles/res.dir/src/result.cpp.o[0m
[141.111s] [100%] [32m[1mLinking CXX executable res[0m
[143.963s] [100%] Built target res
[144.539s] Invoked command in '/home/wayan1/ros2_workspace_3/build/calcu_node' returned '0': CMAKE_PREFIX_PATH=${CMAKE_PREFIX_PATH}:/opt/ros/humble /usr/bin/cmake --build /home/wayan1/ros2_workspace_3/build/calcu_node -- -j2 -l2
[145.292s] Invoking command in '/home/wayan1/ros2_workspace_3/build/calcu_node': CMAKE_PREFIX_PATH=${CMAKE_PREFIX_PATH}:/opt/ros/humble /usr/bin/cmake --install /home/wayan1/ros2_workspace_3/build/calcu_node
[145.389s] -- Install configuration: ""
[145.404s] -- Installing: /home/wayan1/ros2_workspace_3/install/calcu_node/lib/calcu_node/talk
[145.458s] -- Set runtime path of "/home/wayan1/ros2_workspace_3/install/calcu_node/lib/calcu_node/talk" to ""
[145.462s] -- Installing: /home/wayan1/ros2_workspace_3/install/calcu_node/lib/calcu_node/res
[145.497s] -- Set runtime path of "/home/wayan1/ros2_workspace_3/install/calcu_node/lib/calcu_node/res" to ""
[145.510s] -- Up-to-date: /home/wayan1/ros2_workspace_3/install/calcu_node/share/ament_index/resource_index/package_run_dependencies/calcu_node
[145.513s] -- Up-to-date: /home/wayan1/ros2_workspace_3/install/calcu_node/share/ament_index/resource_index/parent_prefix_path/calcu_node
[145.519s] -- Up-to-date: /home/wayan1/ros2_workspace_3/install/calcu_node/share/calcu_node/environment/ament_prefix_path.sh
[145.521s] -- Up-to-date: /home/wayan1/ros2_workspace_3/install/calcu_node/share/calcu_node/environment/ament_prefix_path.dsv
[145.522s] -- Up-to-date: /home/wayan1/ros2_workspace_3/install/calcu_node/share/calcu_node/environment/path.sh
[145.523s] -- Up-to-date: /home/wayan1/ros2_workspace_3/install/calcu_node/share/calcu_node/environment/path.dsv
[145.524s] -- Up-to-date: /home/wayan1/ros2_workspace_3/install/calcu_node/share/calcu_node/local_setup.bash
[145.525s] -- Up-to-date: /home/wayan1/ros2_workspace_3/install/calcu_node/share/calcu_node/local_setup.sh
[145.526s] -- Up-to-date: /home/wayan1/ros2_workspace_3/install/calcu_node/share/calcu_node/local_setup.zsh
[145.531s] -- Up-to-date: /home/wayan1/ros2_workspace_3/install/calcu_node/share/calcu_node/local_setup.dsv
[145.531s] -- Installing: /home/wayan1/ros2_workspace_3/install/calcu_node/share/calcu_node/package.dsv
[145.535s] -- Up-to-date: /home/wayan1/ros2_workspace_3/install/calcu_node/share/ament_index/resource_index/packages/calcu_node
[145.537s] -- Up-to-date: /home/wayan1/ros2_workspace_3/install/calcu_node/share/calcu_node/cmake/calcu_nodeConfig.cmake
[145.538s] -- Up-to-date: /home/wayan1/ros2_workspace_3/install/calcu_node/share/calcu_node/cmake/calcu_nodeConfig-version.cmake
[145.540s] -- Up-to-date: /home/wayan1/ros2_workspace_3/install/calcu_node/share/calcu_node/package.xml
[145.560s] Invoked command in '/home/wayan1/ros2_workspace_3/build/calcu_node' returned '0': CMAKE_PREFIX_PATH=${CMAKE_PREFIX_PATH}:/opt/ros/humble /usr/bin/cmake --install /home/wayan1/ros2_workspace_3/build/calcu_node
