[0.420s] Invoking command in '/home/wayan1/ros2_workspace_3/build/calcu_node': CMAKE_PREFIX_PATH=${CMAKE_PREFIX_PATH}:/opt/ros/humble /usr/bin/cmake --build /home/wayan1/ros2_workspace_3/build/calcu_node -- -j2 -l2
[0.930s] [35m[1mConsolidate compiler generated dependencies of target talk[0m
[1.073s] [ 25%] [32mBuilding CXX object CMakeFiles/talk.dir/src/calculator.cpp.o[0m
[87.082s] [ 50%] [32m[1mLinking CXX executable talk[0m
[90.706s] [ 50%] Built target talk
[90.921s] [35m[1mConsolidate compiler generated dependencies of target res[0m
[91.254s] [100%] Built target res
[91.530s] Invoked command in '/home/wayan1/ros2_workspace_3/build/calcu_node' returned '0': CMAKE_PREFIX_PATH=${CMAKE_PREFIX_PATH}:/opt/ros/humble /usr/bin/cmake --build /home/wayan1/ros2_workspace_3/build/calcu_node -- -j2 -l2
[92.219s] Invoking command in '/home/wayan1/ros2_workspace_3/build/calcu_node': CMAKE_PREFIX_PATH=${CMAKE_PREFIX_PATH}:/opt/ros/humble /usr/bin/cmake --install /home/wayan1/ros2_workspace_3/build/calcu_node
[92.286s] -- Install configuration: ""
[92.292s] -- Installing: /home/wayan1/ros2_workspace_3/install/calcu_node/lib/calcu_node/talk
[92.334s] -- Set runtime path of "/home/wayan1/ros2_workspace_3/install/calcu_node/lib/calcu_node/talk" to ""
[92.340s] -- Up-to-date: /home/wayan1/ros2_workspace_3/install/calcu_node/lib/calcu_node/res
[92.352s] -- Up-to-date: /home/wayan1/ros2_workspace_3/install/calcu_node/share/ament_index/resource_index/package_run_dependencies/calcu_node
[92.354s] -- Up-to-date: /home/wayan1/ros2_workspace_3/install/calcu_node/share/ament_index/resource_index/parent_prefix_path/calcu_node
[92.366s] -- Up-to-date: /home/wayan1/ros2_workspace_3/install/calcu_node/share/calcu_node/environment/ament_prefix_path.sh
[92.371s] -- Up-to-date: /home/wayan1/ros2_workspace_3/install/calcu_node/share/calcu_node/environment/ament_prefix_path.dsv
[92.372s] -- Up-to-date: /home/wayan1/ros2_workspace_3/install/calcu_node/share/calcu_node/environment/path.sh
[92.372s] -- Up-to-date: /home/wayan1/ros2_workspace_3/install/calcu_node/share/calcu_node/environment/path.dsv
[92.373s] -- Up-to-date: /home/wayan1/ros2_workspace_3/install/calcu_node/share/calcu_node/local_setup.bash
[92.374s] -- Up-to-date: /home/wayan1/ros2_workspace_3/install/calcu_node/share/calcu_node/local_setup.sh
[92.375s] -- Up-to-date: /home/wayan1/ros2_workspace_3/install/calcu_node/share/calcu_node/local_setup.zsh
[92.375s] -- Up-to-date: /home/wayan1/ros2_workspace_3/install/calcu_node/share/calcu_node/local_setup.dsv
[92.376s] -- Installing: /home/wayan1/ros2_workspace_3/install/calcu_node/share/calcu_node/package.dsv
[92.384s] -- Up-to-date: /home/wayan1/ros2_workspace_3/install/calcu_node/share/ament_index/resource_index/packages/calcu_node
[92.384s] -- Up-to-date: /home/wayan1/ros2_workspace_3/install/calcu_node/share/calcu_node/cmake/calcu_nodeConfig.cmake
[92.384s] -- Up-to-date: /home/wayan1/ros2_workspace_3/install/calcu_node/share/calcu_node/cmake/calcu_nodeConfig-version.cmake
[92.384s] -- Up-to-date: /home/wayan1/ros2_workspace_3/install/calcu_node/share/calcu_node/package.xml
[92.392s] Invoked command in '/home/wayan1/ros2_workspace_3/build/calcu_node' returned '0': CMAKE_PREFIX_PATH=${CMAKE_PREFIX_PATH}:/opt/ros/humble /usr/bin/cmake --install /home/wayan1/ros2_workspace_3/build/calcu_node
