[4.171s] DEBUG:colcon:Command line arguments: ['/usr/bin/colcon', 'build']
[4.172s] DEBUG:colcon:Parsed command line arguments: Namespace(log_base=None, log_level=None, verb_name='build', build_base='build', install_base='install', merge_install=False, symlink_install=False, test_result_base=None, continue_on_error=False, executor='parallel', parallel_workers=2, event_handlers=None, ignore_user_meta=False, metas=['./colcon.meta'], base_paths=['.'], packages_ignore=None, packages_ignore_regex=None, paths=None, packages_up_to=None, packages_up_to_regex=None, packages_above=None, packages_above_and_dependencies=None, packages_above_depth=None, packages_select_by_dep=None, packages_skip_by_dep=None, packages_skip_up_to=None, packages_select_build_failed=False, packages_skip_build_finished=False, packages_select_test_failures=False, packages_skip_test_passed=False, packages_select=None, packages_skip=None, packages_select_regex=None, packages_skip_regex=None, packages_start=None, packages_end=None, allow_overriding=[], cmake_args=None, cmake_target=None, cmake_target_skip_unavailable=False, cmake_clean_cache=False, cmake_clean_first=False, cmake_force_configure=False, ament_cmake_args=None, catkin_cmake_args=None, catkin_skip_building_tests=False, verb_parser=<colcon_defaults.argument_parser.defaults.DefaultArgumentsDecorator object at 0x7fc124f627d0>, verb_extension=<colcon_core.verb.build.BuildVerb object at 0x7fc124f7c2e0>, main=<bound method BuildVerb.main of <colcon_core.verb.build.BuildVerb object at 0x7fc124f7c2e0>>)
[4.532s] Level 1:colcon.colcon_core.package_discovery:discover_packages(colcon_meta) check parameters
[4.533s] Level 1:colcon.colcon_core.package_discovery:discover_packages(recursive) check parameters
[4.533s] Level 1:colcon.colcon_core.package_discovery:discover_packages(ignore) check parameters
[4.534s] Level 1:colcon.colcon_core.package_discovery:discover_packages(path) check parameters
[4.534s] Level 1:colcon.colcon_core.package_discovery:discover_packages(colcon_meta) discover
[4.534s] Level 1:colcon.colcon_core.package_discovery:discover_packages(recursive) discover
[4.535s] INFO:colcon.colcon_core.package_discovery:Crawling recursively for packages in '/home/wayan1/ros2_workspace_3'
[4.535s] Level 1:colcon.colcon_core.package_identification:_identify(.) by extensions ['ignore', 'ignore_ament_install']
[4.536s] Level 1:colcon.colcon_core.package_identification:_identify(.) by extension 'ignore'
[4.537s] Level 1:colcon.colcon_core.package_identification:_identify(.) by extension 'ignore_ament_install'
[4.537s] Level 1:colcon.colcon_core.package_identification:_identify(.) by extensions ['colcon_pkg']
[4.538s] Level 1:colcon.colcon_core.package_identification:_identify(.) by extension 'colcon_pkg'
[4.538s] Level 1:colcon.colcon_core.package_identification:_identify(.) by extensions ['colcon_meta']
[4.538s] Level 1:colcon.colcon_core.package_identification:_identify(.) by extension 'colcon_meta'
[4.539s] Level 1:colcon.colcon_core.package_identification:_identify(.) by extensions ['ros']
[4.539s] Level 1:colcon.colcon_core.package_identification:_identify(.) by extension 'ros'
[4.614s] Level 1:colcon.colcon_core.package_identification:_identify(.) by extensions ['cmake', 'python']
[4.615s] Level 1:colcon.colcon_core.package_identification:_identify(.) by extension 'cmake'
[4.615s] Level 1:colcon.colcon_core.package_identification:_identify(.) by extension 'python'
[4.616s] Level 1:colcon.colcon_core.package_identification:_identify(.) by extensions ['python_setup_py']
[4.616s] Level 1:colcon.colcon_core.package_identification:_identify(.) by extension 'python_setup_py'
[4.617s] Level 1:colcon.colcon_core.package_identification:_identify(build) by extensions ['ignore', 'ignore_ament_install']
[4.619s] Level 1:colcon.colcon_core.package_identification:_identify(build) by extension 'ignore'
[4.619s] Level 1:colcon.colcon_core.package_identification:_identify(build) ignored
[4.620s] Level 1:colcon.colcon_core.package_identification:_identify(install) by extensions ['ignore', 'ignore_ament_install']
[4.621s] Level 1:colcon.colcon_core.package_identification:_identify(install) by extension 'ignore'
[4.621s] Level 1:colcon.colcon_core.package_identification:_identify(install) ignored
[4.622s] Level 1:colcon.colcon_core.package_identification:_identify(log) by extensions ['ignore', 'ignore_ament_install']
[4.622s] Level 1:colcon.colcon_core.package_identification:_identify(log) by extension 'ignore'
[4.623s] Level 1:colcon.colcon_core.package_identification:_identify(log) ignored
[4.623s] Level 1:colcon.colcon_core.package_identification:_identify(src) by extensions ['ignore', 'ignore_ament_install']
[4.624s] Level 1:colcon.colcon_core.package_identification:_identify(src) by extension 'ignore'
[4.624s] Level 1:colcon.colcon_core.package_identification:_identify(src) by extension 'ignore_ament_install'
[4.625s] Level 1:colcon.colcon_core.package_identification:_identify(src) by extensions ['colcon_pkg']
[4.625s] Level 1:colcon.colcon_core.package_identification:_identify(src) by extension 'colcon_pkg'
[4.625s] Level 1:colcon.colcon_core.package_identification:_identify(src) by extensions ['colcon_meta']
[4.626s] Level 1:colcon.colcon_core.package_identification:_identify(src) by extension 'colcon_meta'
[4.626s] Level 1:colcon.colcon_core.package_identification:_identify(src) by extensions ['ros']
[4.626s] Level 1:colcon.colcon_core.package_identification:_identify(src) by extension 'ros'
[4.626s] Level 1:colcon.colcon_core.package_identification:_identify(src) by extensions ['cmake', 'python']
[4.626s] Level 1:colcon.colcon_core.package_identification:_identify(src) by extension 'cmake'
[4.626s] Level 1:colcon.colcon_core.package_identification:_identify(src) by extension 'python'
[4.627s] Level 1:colcon.colcon_core.package_identification:_identify(src) by extensions ['python_setup_py']
[4.627s] Level 1:colcon.colcon_core.package_identification:_identify(src) by extension 'python_setup_py'
[4.627s] Level 1:colcon.colcon_core.package_identification:_identify(src/calcu_node) by extensions ['ignore', 'ignore_ament_install']
[4.627s] Level 1:colcon.colcon_core.package_identification:_identify(src/calcu_node) by extension 'ignore'
[4.628s] Level 1:colcon.colcon_core.package_identification:_identify(src/calcu_node) by extension 'ignore_ament_install'
[4.628s] Level 1:colcon.colcon_core.package_identification:_identify(src/calcu_node) by extensions ['colcon_pkg']
[4.628s] Level 1:colcon.colcon_core.package_identification:_identify(src/calcu_node) by extension 'colcon_pkg'
[4.628s] Level 1:colcon.colcon_core.package_identification:_identify(src/calcu_node) by extensions ['colcon_meta']
[4.628s] Level 1:colcon.colcon_core.package_identification:_identify(src/calcu_node) by extension 'colcon_meta'
[4.628s] Level 1:colcon.colcon_core.package_identification:_identify(src/calcu_node) by extensions ['ros']
[4.628s] Level 1:colcon.colcon_core.package_identification:_identify(src/calcu_node) by extension 'ros'
[4.641s] DEBUG:colcon.colcon_core.package_identification:Package 'src/calcu_node' with type 'ros.ament_cmake' and name 'calcu_node'
[4.642s] Level 1:colcon.colcon_core.package_discovery:discover_packages(recursive) using defaults
[4.642s] Level 1:colcon.colcon_core.package_discovery:discover_packages(ignore) discover
[4.643s] Level 1:colcon.colcon_core.package_discovery:discover_packages(ignore) using defaults
[4.643s] Level 1:colcon.colcon_core.package_discovery:discover_packages(path) discover
[4.643s] Level 1:colcon.colcon_core.package_discovery:discover_packages(path) using defaults
[5.478s] Level 1:colcon.colcon_core.package_discovery:discover_packages(prefix_path) check parameters
[5.478s] Level 1:colcon.colcon_core.package_discovery:discover_packages(prefix_path) discover
[5.810s] DEBUG:colcon.colcon_installed_package_information.package_discovery:Found 1 installed packages in /home/wayan1/ros2_workspace_3/install
[5.940s] DEBUG:colcon.colcon_installed_package_information.package_discovery:Found 270 installed packages in /opt/ros/humble
[5.949s] Level 1:colcon.colcon_core.package_discovery:discover_packages(prefix_path) using defaults
[7.177s] Level 5:colcon.colcon_core.verb:set package 'calcu_node' build argument 'cmake_args' from command line to 'None'
[7.178s] Level 5:colcon.colcon_core.verb:set package 'calcu_node' build argument 'cmake_target' from command line to 'None'
[7.179s] Level 5:colcon.colcon_core.verb:set package 'calcu_node' build argument 'cmake_target_skip_unavailable' from command line to 'False'
[7.180s] Level 5:colcon.colcon_core.verb:set package 'calcu_node' build argument 'cmake_clean_cache' from command line to 'False'
[7.181s] Level 5:colcon.colcon_core.verb:set package 'calcu_node' build argument 'cmake_clean_first' from command line to 'False'
[7.182s] Level 5:colcon.colcon_core.verb:set package 'calcu_node' build argument 'cmake_force_configure' from command line to 'False'
[7.182s] Level 5:colcon.colcon_core.verb:set package 'calcu_node' build argument 'ament_cmake_args' from command line to 'None'
[7.184s] Level 5:colcon.colcon_core.verb:set package 'calcu_node' build argument 'catkin_cmake_args' from command line to 'None'
[7.184s] Level 5:colcon.colcon_core.verb:set package 'calcu_node' build argument 'catkin_skip_building_tests' from command line to 'False'
[7.184s] DEBUG:colcon.colcon_core.verb:Building package 'calcu_node' with the following arguments: {'ament_cmake_args': None, 'build_base': '/home/wayan1/ros2_workspace_3/build/calcu_node', 'catkin_cmake_args': None, 'catkin_skip_building_tests': False, 'cmake_args': None, 'cmake_clean_cache': False, 'cmake_clean_first': False, 'cmake_force_configure': False, 'cmake_target': None, 'cmake_target_skip_unavailable': False, 'install_base': '/home/wayan1/ros2_workspace_3/install/calcu_node', 'merge_install': False, 'path': '/home/wayan1/ros2_workspace_3/src/calcu_node', 'symlink_install': False, 'test_result_base': None}
[7.303s] INFO:colcon.colcon_core.executor:Executing jobs using 'parallel' executor
[7.462s] DEBUG:colcon.colcon_parallel_executor.executor.parallel:run_until_complete
[7.463s] INFO:colcon.colcon_ros.task.ament_cmake.build:Building ROS package in '/home/wayan1/ros2_workspace_3/src/calcu_node' with build type 'ament_cmake'
[7.463s] INFO:colcon.colcon_cmake.task.cmake.build:Building CMake package in '/home/wayan1/ros2_workspace_3/src/calcu_node'
[7.811s] INFO:colcon.colcon_core.plugin_system:Skipping extension 'colcon_core.shell.bat': Not used on non-Windows systems
[7.812s] INFO:colcon.colcon_core.shell:Skip shell extension 'powershell' for command environment: Not usable outside of PowerShell
[7.813s] DEBUG:colcon.colcon_core.shell:Skip shell extension 'dsv' for command environment
[8.426s] DEBUG:colcon.colcon_core.event_handler.log_command:Invoking command in '/home/wayan1/ros2_workspace_3/build/calcu_node': CMAKE_PREFIX_PATH=${CMAKE_PREFIX_PATH}:/opt/ros/humble /usr/bin/cmake --build /home/wayan1/ros2_workspace_3/build/calcu_node -- -j2 -l2
[9.570s] DEBUG:colcon.colcon_parallel_executor.executor.parallel:run_until_complete was interrupted
[9.571s] DEBUG:colcon.colcon_parallel_executor.executor.parallel:run_until_complete again
[9.600s] DEBUG:colcon.colcon_core.event_handler.log_command:Invoked command in '/home/wayan1/ros2_workspace_3/build/calcu_node' returned '-2': CMAKE_PREFIX_PATH=${CMAKE_PREFIX_PATH}:/opt/ros/humble /usr/bin/cmake --build /home/wayan1/ros2_workspace_3/build/calcu_node -- -j2 -l2
[9.982s] Level 1:colcon.colcon_core.environment:create_environment_scripts_only(calcu_node)
[10.127s] Level 1:colcon.colcon_core.environment:checking '/home/wayan1/ros2_workspace_3/install/calcu_node' for CMake module files
[10.131s] Level 1:colcon.colcon_core.environment:checking '/home/wayan1/ros2_workspace_3/install/calcu_node' for CMake config files
[10.135s] Level 1:colcon.colcon_core.shell:create_environment_hook('calcu_node', 'cmake_prefix_path')
[10.235s] INFO:colcon.colcon_core.shell:Creating environment hook '/home/wayan1/ros2_workspace_3/install/calcu_node/share/calcu_node/hook/cmake_prefix_path.ps1'
[10.237s] INFO:colcon.colcon_core.shell:Creating environment descriptor '/home/wayan1/ros2_workspace_3/install/calcu_node/share/calcu_node/hook/cmake_prefix_path.dsv'
[10.238s] INFO:colcon.colcon_core.shell:Creating environment hook '/home/wayan1/ros2_workspace_3/install/calcu_node/share/calcu_node/hook/cmake_prefix_path.sh'
[10.240s] Level 1:colcon.colcon_core.environment:checking '/home/wayan1/ros2_workspace_3/install/calcu_node/lib'
[10.241s] Level 1:colcon.colcon_core.environment:checking '/home/wayan1/ros2_workspace_3/install/calcu_node/bin'
[10.241s] Level 1:colcon.colcon_core.environment:checking '/home/wayan1/ros2_workspace_3/install/calcu_node/lib/pkgconfig/calcu_node.pc'
[10.244s] Level 1:colcon.colcon_core.environment:checking '/home/wayan1/ros2_workspace_3/install/calcu_node/lib/python3.10/site-packages'
[10.244s] Level 1:colcon.colcon_core.environment:checking '/home/wayan1/ros2_workspace_3/install/calcu_node/bin'
[10.323s] INFO:colcon.colcon_core.shell:Creating package script '/home/wayan1/ros2_workspace_3/install/calcu_node/share/calcu_node/package.ps1'
[10.332s] INFO:colcon.colcon_core.shell:Creating package descriptor '/home/wayan1/ros2_workspace_3/install/calcu_node/share/calcu_node/package.dsv'
[10.342s] INFO:colcon.colcon_core.shell:Creating package script '/home/wayan1/ros2_workspace_3/install/calcu_node/share/calcu_node/package.sh'
[10.346s] INFO:colcon.colcon_core.shell:Creating package script '/home/wayan1/ros2_workspace_3/install/calcu_node/share/calcu_node/package.bash'
[10.349s] INFO:colcon.colcon_core.shell:Creating package script '/home/wayan1/ros2_workspace_3/install/calcu_node/share/calcu_node/package.zsh'
[10.359s] Level 1:colcon.colcon_core.environment:create_file_with_runtime_dependencies(/home/wayan1/ros2_workspace_3/install/calcu_node/share/colcon-core/packages/calcu_node)
[10.360s] DEBUG:colcon.colcon_parallel_executor.executor.parallel:run_until_complete finished
[10.360s] DEBUG:colcon.colcon_parallel_executor.executor.parallel:closing loop
[10.361s] DEBUG:colcon.colcon_parallel_executor.executor.parallel:loop closed
[10.361s] DEBUG:colcon.colcon_core.event_reactor:joining thread
[10.587s] INFO:colcon.colcon_core.plugin_system:Skipping extension 'colcon_notification.desktop_notification.terminal_notifier': Not used on non-Darwin systems
[10.588s] INFO:colcon.colcon_core.plugin_system:Skipping extension 'colcon_notification.desktop_notification.win32': Not used on non-Windows systems
[10.588s] INFO:colcon.colcon_notification.desktop_notification:Sending desktop notification using 'notify2'
[10.765s] DEBUG:colcon.colcon_core.event_reactor:joined thread
[10.941s] INFO:colcon.colcon_core.shell:Creating prefix script '/home/wayan1/ros2_workspace_3/install/local_setup.ps1'
[10.949s] INFO:colcon.colcon_core.shell:Creating prefix util module '/home/wayan1/ros2_workspace_3/install/_local_setup_util_ps1.py'
[10.958s] INFO:colcon.colcon_core.shell:Creating prefix chain script '/home/wayan1/ros2_workspace_3/install/setup.ps1'
[11.143s] INFO:colcon.colcon_core.shell:Creating prefix script '/home/wayan1/ros2_workspace_3/install/local_setup.sh'
[11.146s] INFO:colcon.colcon_core.shell:Creating prefix util module '/home/wayan1/ros2_workspace_3/install/_local_setup_util_sh.py'
[11.148s] INFO:colcon.colcon_core.shell:Creating prefix chain script '/home/wayan1/ros2_workspace_3/install/setup.sh'
[11.280s] INFO:colcon.colcon_core.shell:Creating prefix script '/home/wayan1/ros2_workspace_3/install/local_setup.bash'
[11.287s] INFO:colcon.colcon_core.shell:Creating prefix chain script '/home/wayan1/ros2_workspace_3/install/setup.bash'
[11.364s] INFO:colcon.colcon_core.shell:Creating prefix script '/home/wayan1/ros2_workspace_3/install/local_setup.zsh'
[11.367s] INFO:colcon.colcon_core.shell:Creating prefix chain script '/home/wayan1/ros2_workspace_3/install/setup.zsh'
