[5.808s] DEBUG:colcon:Command line arguments: ['/usr/bin/colcon', 'build']
[5.809s] DEBUG:colcon:Parsed command line arguments: Namespace(log_base=None, log_level=None, verb_name='build', build_base='build', install_base='install', merge_install=False, symlink_install=False, test_result_base=None, continue_on_error=False, executor='parallel', parallel_workers=2, event_handlers=None, ignore_user_meta=False, metas=['./colcon.meta'], base_paths=['.'], packages_ignore=None, packages_ignore_regex=None, paths=None, packages_up_to=None, packages_up_to_regex=None, packages_above=None, packages_above_and_dependencies=None, packages_above_depth=None, packages_select_by_dep=None, packages_skip_by_dep=None, packages_skip_up_to=None, packages_select_build_failed=False, packages_skip_build_finished=False, packages_select_test_failures=False, packages_skip_test_passed=False, packages_select=None, packages_skip=None, packages_select_regex=None, packages_skip_regex=None, packages_start=None, packages_end=None, allow_overriding=[], cmake_args=None, cmake_target=None, cmake_target_skip_unavailable=False, cmake_clean_cache=False, cmake_clean_first=False, cmake_force_configure=False, ament_cmake_args=None, catkin_cmake_args=None, catkin_skip_building_tests=False, verb_parser=<colcon_defaults.argument_parser.defaults.DefaultArgumentsDecorator object at 0x7f0da2f84040>, verb_extension=<colcon_core.verb.build.BuildVerb object at 0x7f0da2f853c0>, main=<bound method BuildVerb.main of <colcon_core.verb.build.BuildVerb object at 0x7f0da2f853c0>>)
[6.280s] Level 1:colcon.colcon_core.package_discovery:discover_packages(colcon_meta) check parameters
[6.280s] Level 1:colcon.colcon_core.package_discovery:discover_packages(recursive) check parameters
[6.280s] Level 1:colcon.colcon_core.package_discovery:discover_packages(ignore) check parameters
[6.280s] Level 1:colcon.colcon_core.package_discovery:discover_packages(path) check parameters
[6.281s] Level 1:colcon.colcon_core.package_discovery:discover_packages(colcon_meta) discover
[6.281s] Level 1:colcon.colcon_core.package_discovery:discover_packages(recursive) discover
[6.281s] INFO:colcon.colcon_core.package_discovery:Crawling recursively for packages in '/home/wayan1/ros2_workspace_3'
[6.281s] Level 1:colcon.colcon_core.package_identification:_identify(.) by extensions ['ignore', 'ignore_ament_install']
[6.282s] Level 1:colcon.colcon_core.package_identification:_identify(.) by extension 'ignore'
[6.282s] Level 1:colcon.colcon_core.package_identification:_identify(.) by extension 'ignore_ament_install'
[6.282s] Level 1:colcon.colcon_core.package_identification:_identify(.) by extensions ['colcon_pkg']
[6.282s] Level 1:colcon.colcon_core.package_identification:_identify(.) by extension 'colcon_pkg'
[6.282s] Level 1:colcon.colcon_core.package_identification:_identify(.) by extensions ['colcon_meta']
[6.283s] Level 1:colcon.colcon_core.package_identification:_identify(.) by extension 'colcon_meta'
[6.283s] Level 1:colcon.colcon_core.package_identification:_identify(.) by extensions ['ros']
[6.283s] Level 1:colcon.colcon_core.package_identification:_identify(.) by extension 'ros'
[6.364s] Level 1:colcon.colcon_core.package_identification:_identify(.) by extensions ['cmake', 'python']
[6.364s] Level 1:colcon.colcon_core.package_identification:_identify(.) by extension 'cmake'
[6.365s] Level 1:colcon.colcon_core.package_identification:_identify(.) by extension 'python'
[6.365s] Level 1:colcon.colcon_core.package_identification:_identify(.) by extensions ['python_setup_py']
[6.365s] Level 1:colcon.colcon_core.package_identification:_identify(.) by extension 'python_setup_py'
[6.365s] Level 1:colcon.colcon_core.package_identification:_identify(build) by extensions ['ignore', 'ignore_ament_install']
[6.366s] Level 1:colcon.colcon_core.package_identification:_identify(build) by extension 'ignore'
[6.366s] Level 1:colcon.colcon_core.package_identification:_identify(build) ignored
[6.366s] Level 1:colcon.colcon_core.package_identification:_identify(install) by extensions ['ignore', 'ignore_ament_install']
[6.366s] Level 1:colcon.colcon_core.package_identification:_identify(install) by extension 'ignore'
[6.367s] Level 1:colcon.colcon_core.package_identification:_identify(install) ignored
[6.367s] Level 1:colcon.colcon_core.package_identification:_identify(log) by extensions ['ignore', 'ignore_ament_install']
[6.367s] Level 1:colcon.colcon_core.package_identification:_identify(log) by extension 'ignore'
[6.367s] Level 1:colcon.colcon_core.package_identification:_identify(log) ignored
[6.368s] Level 1:colcon.colcon_core.package_identification:_identify(src) by extensions ['ignore', 'ignore_ament_install']
[6.368s] Level 1:colcon.colcon_core.package_identification:_identify(src) by extension 'ignore'
[6.368s] Level 1:colcon.colcon_core.package_identification:_identify(src) by extension 'ignore_ament_install'
[6.368s] Level 1:colcon.colcon_core.package_identification:_identify(src) by extensions ['colcon_pkg']
[6.368s] Level 1:colcon.colcon_core.package_identification:_identify(src) by extension 'colcon_pkg'
[6.369s] Level 1:colcon.colcon_core.package_identification:_identify(src) by extensions ['colcon_meta']
[6.369s] Level 1:colcon.colcon_core.package_identification:_identify(src) by extension 'colcon_meta'
[6.369s] Level 1:colcon.colcon_core.package_identification:_identify(src) by extensions ['ros']
[6.369s] Level 1:colcon.colcon_core.package_identification:_identify(src) by extension 'ros'
[6.369s] Level 1:colcon.colcon_core.package_identification:_identify(src) by extensions ['cmake', 'python']
[6.369s] Level 1:colcon.colcon_core.package_identification:_identify(src) by extension 'cmake'
[6.369s] Level 1:colcon.colcon_core.package_identification:_identify(src) by extension 'python'
[6.370s] Level 1:colcon.colcon_core.package_identification:_identify(src) by extensions ['python_setup_py']
[6.370s] Level 1:colcon.colcon_core.package_identification:_identify(src) by extension 'python_setup_py'
[6.370s] Level 1:colcon.colcon_core.package_identification:_identify(src/calcu_node) by extensions ['ignore', 'ignore_ament_install']
[6.370s] Level 1:colcon.colcon_core.package_identification:_identify(src/calcu_node) by extension 'ignore'
[6.370s] Level 1:colcon.colcon_core.package_identification:_identify(src/calcu_node) by extension 'ignore_ament_install'
[6.371s] Level 1:colcon.colcon_core.package_identification:_identify(src/calcu_node) by extensions ['colcon_pkg']
[6.371s] Level 1:colcon.colcon_core.package_identification:_identify(src/calcu_node) by extension 'colcon_pkg'
[6.371s] Level 1:colcon.colcon_core.package_identification:_identify(src/calcu_node) by extensions ['colcon_meta']
[6.371s] Level 1:colcon.colcon_core.package_identification:_identify(src/calcu_node) by extension 'colcon_meta'
[6.371s] Level 1:colcon.colcon_core.package_identification:_identify(src/calcu_node) by extensions ['ros']
[6.371s] Level 1:colcon.colcon_core.package_identification:_identify(src/calcu_node) by extension 'ros'
[6.385s] DEBUG:colcon.colcon_core.package_identification:Package 'src/calcu_node' with type 'ros.ament_cmake' and name 'calcu_node'
[6.386s] Level 1:colcon.colcon_core.package_discovery:discover_packages(recursive) using defaults
[6.386s] Level 1:colcon.colcon_core.package_discovery:discover_packages(ignore) discover
[6.386s] Level 1:colcon.colcon_core.package_discovery:discover_packages(ignore) using defaults
[6.386s] Level 1:colcon.colcon_core.package_discovery:discover_packages(path) discover
[6.386s] Level 1:colcon.colcon_core.package_discovery:discover_packages(path) using defaults
[7.133s] Level 1:colcon.colcon_core.package_discovery:discover_packages(prefix_path) check parameters
[7.133s] Level 1:colcon.colcon_core.package_discovery:discover_packages(prefix_path) discover
[7.382s] DEBUG:colcon.colcon_installed_package_information.package_discovery:Found 1 installed packages in /home/wayan1/ros2_workspace_3/install
[7.549s] DEBUG:colcon.colcon_installed_package_information.package_discovery:Found 270 installed packages in /opt/ros/humble
[7.571s] Level 1:colcon.colcon_core.package_discovery:discover_packages(prefix_path) using defaults
[8.333s] Level 5:colcon.colcon_core.verb:set package 'calcu_node' build argument 'cmake_args' from command line to 'None'
[8.335s] Level 5:colcon.colcon_core.verb:set package 'calcu_node' build argument 'cmake_target' from command line to 'None'
[8.336s] Level 5:colcon.colcon_core.verb:set package 'calcu_node' build argument 'cmake_target_skip_unavailable' from command line to 'False'
[8.336s] Level 5:colcon.colcon_core.verb:set package 'calcu_node' build argument 'cmake_clean_cache' from command line to 'False'
[8.336s] Level 5:colcon.colcon_core.verb:set package 'calcu_node' build argument 'cmake_clean_first' from command line to 'False'
[8.337s] Level 5:colcon.colcon_core.verb:set package 'calcu_node' build argument 'cmake_force_configure' from command line to 'False'
[8.337s] Level 5:colcon.colcon_core.verb:set package 'calcu_node' build argument 'ament_cmake_args' from command line to 'None'
[8.337s] Level 5:colcon.colcon_core.verb:set package 'calcu_node' build argument 'catkin_cmake_args' from command line to 'None'
[8.337s] Level 5:colcon.colcon_core.verb:set package 'calcu_node' build argument 'catkin_skip_building_tests' from command line to 'False'
[8.338s] DEBUG:colcon.colcon_core.verb:Building package 'calcu_node' with the following arguments: {'ament_cmake_args': None, 'build_base': '/home/wayan1/ros2_workspace_3/build/calcu_node', 'catkin_cmake_args': None, 'catkin_skip_building_tests': False, 'cmake_args': None, 'cmake_clean_cache': False, 'cmake_clean_first': False, 'cmake_force_configure': False, 'cmake_target': None, 'cmake_target_skip_unavailable': False, 'install_base': '/home/wayan1/ros2_workspace_3/install/calcu_node', 'merge_install': False, 'path': '/home/wayan1/ros2_workspace_3/src/calcu_node', 'symlink_install': False, 'test_result_base': None}
[8.408s] INFO:colcon.colcon_core.executor:Executing jobs using 'parallel' executor
[8.522s] DEBUG:colcon.colcon_parallel_executor.executor.parallel:run_until_complete
[8.523s] INFO:colcon.colcon_ros.task.ament_cmake.build:Building ROS package in '/home/wayan1/ros2_workspace_3/src/calcu_node' with build type 'ament_cmake'
[8.523s] INFO:colcon.colcon_cmake.task.cmake.build:Building CMake package in '/home/wayan1/ros2_workspace_3/src/calcu_node'
[8.622s] INFO:colcon.colcon_core.plugin_system:Skipping extension 'colcon_core.shell.bat': Not used on non-Windows systems
[8.625s] INFO:colcon.colcon_core.shell:Skip shell extension 'powershell' for command environment: Not usable outside of PowerShell
[8.626s] DEBUG:colcon.colcon_core.shell:Skip shell extension 'dsv' for command environment
[8.955s] DEBUG:colcon.colcon_core.event_handler.log_command:Invoking command in '/home/wayan1/ros2_workspace_3/build/calcu_node': CMAKE_PREFIX_PATH=${CMAKE_PREFIX_PATH}:/opt/ros/humble /usr/bin/cmake --build /home/wayan1/ros2_workspace_3/build/calcu_node -- -j2 -l2
[100.120s] DEBUG:colcon.colcon_core.event_handler.log_command:Invoked command in '/home/wayan1/ros2_workspace_3/build/calcu_node' returned '0': CMAKE_PREFIX_PATH=${CMAKE_PREFIX_PATH}:/opt/ros/humble /usr/bin/cmake --build /home/wayan1/ros2_workspace_3/build/calcu_node -- -j2 -l2
[100.754s] DEBUG:colcon.colcon_core.event_handler.log_command:Invoking command in '/home/wayan1/ros2_workspace_3/build/calcu_node': CMAKE_PREFIX_PATH=${CMAKE_PREFIX_PATH}:/opt/ros/humble /usr/bin/cmake --install /home/wayan1/ros2_workspace_3/build/calcu_node
[100.923s] Level 1:colcon.colcon_core.environment:create_environment_scripts_only(calcu_node)
[100.937s] DEBUG:colcon.colcon_core.event_handler.log_command:Invoked command in '/home/wayan1/ros2_workspace_3/build/calcu_node' returned '0': CMAKE_PREFIX_PATH=${CMAKE_PREFIX_PATH}:/opt/ros/humble /usr/bin/cmake --install /home/wayan1/ros2_workspace_3/build/calcu_node
[102.087s] Level 1:colcon.colcon_core.environment:checking '/home/wayan1/ros2_workspace_3/install/calcu_node' for CMake module files
[102.099s] Level 1:colcon.colcon_core.environment:checking '/home/wayan1/ros2_workspace_3/install/calcu_node' for CMake config files
[102.114s] Level 1:colcon.colcon_core.shell:create_environment_hook('calcu_node', 'cmake_prefix_path')
[102.331s] INFO:colcon.colcon_core.shell:Creating environment hook '/home/wayan1/ros2_workspace_3/install/calcu_node/share/calcu_node/hook/cmake_prefix_path.ps1'
[102.345s] INFO:colcon.colcon_core.shell:Creating environment descriptor '/home/wayan1/ros2_workspace_3/install/calcu_node/share/calcu_node/hook/cmake_prefix_path.dsv'
[102.351s] INFO:colcon.colcon_core.shell:Creating environment hook '/home/wayan1/ros2_workspace_3/install/calcu_node/share/calcu_node/hook/cmake_prefix_path.sh'
[102.369s] Level 1:colcon.colcon_core.environment:checking '/home/wayan1/ros2_workspace_3/install/calcu_node/lib'
[102.370s] Level 1:colcon.colcon_core.environment:checking '/home/wayan1/ros2_workspace_3/install/calcu_node/bin'
[102.370s] Level 1:colcon.colcon_core.environment:checking '/home/wayan1/ros2_workspace_3/install/calcu_node/lib/pkgconfig/calcu_node.pc'
[102.375s] Level 1:colcon.colcon_core.environment:checking '/home/wayan1/ros2_workspace_3/install/calcu_node/lib/python3.10/site-packages'
[102.376s] Level 1:colcon.colcon_core.environment:checking '/home/wayan1/ros2_workspace_3/install/calcu_node/bin'
[102.506s] INFO:colcon.colcon_core.shell:Creating package script '/home/wayan1/ros2_workspace_3/install/calcu_node/share/calcu_node/package.ps1'
[102.520s] INFO:colcon.colcon_core.shell:Creating package descriptor '/home/wayan1/ros2_workspace_3/install/calcu_node/share/calcu_node/package.dsv'
[102.552s] INFO:colcon.colcon_core.shell:Creating package script '/home/wayan1/ros2_workspace_3/install/calcu_node/share/calcu_node/package.sh'
[102.561s] INFO:colcon.colcon_core.shell:Creating package script '/home/wayan1/ros2_workspace_3/install/calcu_node/share/calcu_node/package.bash'
[102.573s] INFO:colcon.colcon_core.shell:Creating package script '/home/wayan1/ros2_workspace_3/install/calcu_node/share/calcu_node/package.zsh'
[102.578s] Level 1:colcon.colcon_core.environment:create_file_with_runtime_dependencies(/home/wayan1/ros2_workspace_3/install/calcu_node/share/colcon-core/packages/calcu_node)
[103.125s] Level 1:colcon.colcon_core.environment:create_environment_scripts_only(calcu_node)
[103.318s] Level 1:colcon.colcon_core.environment:checking '/home/wayan1/ros2_workspace_3/install/calcu_node' for CMake module files
[103.320s] Level 1:colcon.colcon_core.environment:checking '/home/wayan1/ros2_workspace_3/install/calcu_node' for CMake config files
[103.320s] Level 1:colcon.colcon_core.shell:create_environment_hook('calcu_node', 'cmake_prefix_path')
[103.484s] INFO:colcon.colcon_core.shell:Creating environment hook '/home/wayan1/ros2_workspace_3/install/calcu_node/share/calcu_node/hook/cmake_prefix_path.ps1'
[103.490s] INFO:colcon.colcon_core.shell:Creating environment descriptor '/home/wayan1/ros2_workspace_3/install/calcu_node/share/calcu_node/hook/cmake_prefix_path.dsv'
[103.491s] INFO:colcon.colcon_core.shell:Creating environment hook '/home/wayan1/ros2_workspace_3/install/calcu_node/share/calcu_node/hook/cmake_prefix_path.sh'
[103.494s] Level 1:colcon.colcon_core.environment:checking '/home/wayan1/ros2_workspace_3/install/calcu_node/lib'
[103.494s] Level 1:colcon.colcon_core.environment:checking '/home/wayan1/ros2_workspace_3/install/calcu_node/bin'
[103.494s] Level 1:colcon.colcon_core.environment:checking '/home/wayan1/ros2_workspace_3/install/calcu_node/lib/pkgconfig/calcu_node.pc'
[103.495s] Level 1:colcon.colcon_core.environment:checking '/home/wayan1/ros2_workspace_3/install/calcu_node/lib/python3.10/site-packages'
[103.501s] Level 1:colcon.colcon_core.environment:checking '/home/wayan1/ros2_workspace_3/install/calcu_node/bin'
[103.655s] INFO:colcon.colcon_core.shell:Creating package script '/home/wayan1/ros2_workspace_3/install/calcu_node/share/calcu_node/package.ps1'
[103.661s] INFO:colcon.colcon_core.shell:Creating package descriptor '/home/wayan1/ros2_workspace_3/install/calcu_node/share/calcu_node/package.dsv'
[103.670s] INFO:colcon.colcon_core.shell:Creating package script '/home/wayan1/ros2_workspace_3/install/calcu_node/share/calcu_node/package.sh'
[103.675s] INFO:colcon.colcon_core.shell:Creating package script '/home/wayan1/ros2_workspace_3/install/calcu_node/share/calcu_node/package.bash'
[103.679s] INFO:colcon.colcon_core.shell:Creating package script '/home/wayan1/ros2_workspace_3/install/calcu_node/share/calcu_node/package.zsh'
[103.681s] Level 1:colcon.colcon_core.environment:create_file_with_runtime_dependencies(/home/wayan1/ros2_workspace_3/install/calcu_node/share/colcon-core/packages/calcu_node)
[103.693s] DEBUG:colcon.colcon_parallel_executor.executor.parallel:closing loop
[103.707s] DEBUG:colcon.colcon_parallel_executor.executor.parallel:loop closed
[103.707s] DEBUG:colcon.colcon_parallel_executor.executor.parallel:run_until_complete finished with '0'
[103.708s] DEBUG:colcon.colcon_core.event_reactor:joining thread
[103.984s] INFO:colcon.colcon_core.plugin_system:Skipping extension 'colcon_notification.desktop_notification.terminal_notifier': Not used on non-Darwin systems
[103.985s] INFO:colcon.colcon_core.plugin_system:Skipping extension 'colcon_notification.desktop_notification.win32': Not used on non-Windows systems
[103.985s] INFO:colcon.colcon_notification.desktop_notification:Sending desktop notification using 'notify2'
[104.360s] DEBUG:colcon.colcon_core.event_reactor:joined thread
[104.573s] INFO:colcon.colcon_core.shell:Creating prefix script '/home/wayan1/ros2_workspace_3/install/local_setup.ps1'
[104.584s] INFO:colcon.colcon_core.shell:Creating prefix util module '/home/wayan1/ros2_workspace_3/install/_local_setup_util_ps1.py'
[104.590s] INFO:colcon.colcon_core.shell:Creating prefix chain script '/home/wayan1/ros2_workspace_3/install/setup.ps1'
[105.350s] INFO:colcon.colcon_core.shell:Creating prefix script '/home/wayan1/ros2_workspace_3/install/local_setup.sh'
[105.353s] INFO:colcon.colcon_core.shell:Creating prefix util module '/home/wayan1/ros2_workspace_3/install/_local_setup_util_sh.py'
[105.355s] INFO:colcon.colcon_core.shell:Creating prefix chain script '/home/wayan1/ros2_workspace_3/install/setup.sh'
[105.486s] INFO:colcon.colcon_core.shell:Creating prefix script '/home/wayan1/ros2_workspace_3/install/local_setup.bash'
[105.489s] INFO:colcon.colcon_core.shell:Creating prefix chain script '/home/wayan1/ros2_workspace_3/install/setup.bash'
[105.654s] INFO:colcon.colcon_core.shell:Creating prefix script '/home/wayan1/ros2_workspace_3/install/local_setup.zsh'
[105.657s] INFO:colcon.colcon_core.shell:Creating prefix chain script '/home/wayan1/ros2_workspace_3/install/setup.zsh'
